2018-07-01T00:13:19+00:00 CRITICAL Uncaught Error: Call to undefined function curl_init() in /var/www/html/wp-content/themes/dokan-theme-develop/functions.php:78
Stack trace:
#0 /var/www/html/wp-content/themes/dokan-theme-develop/functions.php(110): file_get_contents_tcurl('http://www.kato...')
#1 /var/www/html/wp-settings.php(426): include('/var/www/html/w...')
#2 /var/www/html/wp-config.php(90): require_once('/var/www/html/w...')
#3 /var/www/html/wp-load.php(37): require_once('/var/www/html/w...')
#4 /var/www/html/wp-blog-header.php(13): require_once('/var/www/html/w...')
#5 /var/www/html/index.php(17): require('/var/www/html/w...')
#6 {main}
  thrown

2018-07-01T00:30:41+00:00 CRITICAL Uncaught Error: Call to undefined function curl_init() in /var/www/html/wp-content/themes/dokan-theme-develop/functions.php:78
Stack trace:
#0 /var/www/html/wp-content/themes/dokan-theme-develop/functions.php(110): file_get_contents_tcurl('http://www.kato...')
#1 /var/www/html/wp-settings.php(426): include('/var/www/html/w...')
#2 /var/www/html/wp-config.php(90): require_once('/var/www/html/w...')
#3 /var/www/html/wp-load.php(37): require_once('/var/www/html/w...')
#4 /var/www/html/wp-blog-header.php(13): require_once('/var/www/html/w...')
#5 /var/www/html/index.php(17): require('/var/www/html/w...')
#6 {main}
  thrown

2018-07-01T01:18:21+00:00 CRITICAL Uncaught Error: Call to undefined function curl_init() in /var/www/html/wp-content/themes/dokan-theme-develop/functions.php:78
Stack trace:
#0 /var/www/html/wp-content/themes/dokan-theme-develop/functions.php(110): file_get_contents_tcurl('http://www.kato...')
#1 /var/www/html/wp-settings.php(426): include('/var/www/html/w...')
#2 /var/www/html/wp-config.php(90): require_once('/var/www/html/w...')
#3 /var/www/html/wp-load.php(37): require_once('/var/www/html/w...')
#4 /var/www/html/wp-blog-header.php(13): require_once('/var/www/html/w...')
#5 /var/www/html/index.php(17): require('/var/www/html/w...')
#6 {main}
  thrown

2018-07-01T01:32:17+00:00 CRITICAL Uncaught Error: Call to undefined function curl_init() in /var/www/html/wp-content/themes/dokan-theme-develop/functions.php:78
Stack trace:
#0 /var/www/html/wp-content/themes/dokan-theme-develop/functions.php(110): file_get_contents_tcurl('http://www.kato...')
#1 /var/www/html/wp-settings.php(426): include('/var/www/html/w...')
#2 /var/www/html/wp-config.php(90): require_once('/var/www/html/w...')
#3 /var/www/html/wp-load.php(37): require_once('/var/www/html/w...')
#4 /var/www/html/wp-blog-header.php(13): require_once('/var/www/html/w...')
#5 /var/www/html/index.php(17): require('/var/www/html/w...')
#6 {main}
  thrown

2018-07-01T02:31:18+00:00 CRITICAL Uncaught Error: Call to undefined function curl_init() in /var/www/html/wp-content/themes/dokan-theme-develop/functions.php:78
Stack trace:
#0 /var/www/html/wp-content/themes/dokan-theme-develop/functions.php(110): file_get_contents_tcurl('http://www.kato...')
#1 /var/www/html/wp-settings.php(426): include('/var/www/html/w...')
#2 /var/www/html/wp-config.php(90): require_once('/var/www/html/w...')
#3 /var/www/html/wp-load.php(37): require_once('/var/www/html/w...')
#4 /var/www/html/wp-blog-header.php(13): require_once('/var/www/html/w...')
#5 /var/www/html/index.php(17): require('/var/www/html/w...')
#6 {main}
  thrown

2018-07-01T03:36:59+00:00 CRITICAL Uncaught Error: Call to undefined function curl_init() in /var/www/html/wp-content/themes/dokan-theme-develop/functions.php:78
Stack trace:
#0 /var/www/html/wp-content/themes/dokan-theme-develop/functions.php(110): file_get_contents_tcurl('http://www.kato...')
#1 /var/www/html/wp-settings.php(426): include('/var/www/html/w...')
#2 /var/www/html/wp-config.php(90): require_once('/var/www/html/w...')
#3 /var/www/html/wp-load.php(37): require_once('/var/www/html/w...')
#4 /var/www/html/wp-blog-header.php(13): require_once('/var/www/html/w...')
#5 /var/www/html/index.php(17): require('/var/www/html/w...')
#6 {main}
  thrown

2018-07-01T03:37:12+00:00 CRITICAL Uncaught Error: Call to undefined function curl_init() in /var/www/html/wp-content/themes/dokan-theme-develop/functions.php:78
Stack trace:
#0 /var/www/html/wp-content/themes/dokan-theme-develop/functions.php(110): file_get_contents_tcurl('http://www.kato...')
#1 /var/www/html/wp-settings.php(426): include('/var/www/html/w...')
#2 /var/www/html/wp-config.php(90): require_once('/var/www/html/w...')
#3 /var/www/html/wp-load.php(37): require_once('/var/www/html/w...')
#4 /var/www/html/wp-blog-header.php(13): require_once('/var/www/html/w...')
#5 /var/www/html/index.php(17): require('/var/www/html/w...')
#6 {main}
  thrown

2018-07-01T05:03:45+00:00 CRITICAL Uncaught Error: Call to undefined function curl_init() in /var/www/html/wp-content/themes/dokan-theme-develop/functions.php:78
Stack trace:
#0 /var/www/html/wp-content/themes/dokan-theme-develop/functions.php(110): file_get_contents_tcurl('http://www.kato...')
#1 /var/www/html/wp-settings.php(426): include('/var/www/html/w...')
#2 /var/www/html/wp-config.php(90): require_once('/var/www/html/w...')
#3 /var/www/html/wp-load.php(37): require_once('/var/www/html/w...')
#4 /var/www/html/wp-blog-header.php(13): require_once('/var/www/html/w...')
#5 /var/www/html/index.php(17): require('/var/www/html/w...')
#6 {main}
  thrown

2018-07-01T06:11:49+00:00 CRITICAL Uncaught Error: Call to undefined function curl_init() in /var/www/html/wp-content/themes/dokan-theme-develop/functions.php:78
Stack trace:
#0 /var/www/html/wp-content/themes/dokan-theme-develop/functions.php(110): file_get_contents_tcurl('http://www.kato...')
#1 /var/www/html/wp-settings.php(426): include('/var/www/html/w...')
#2 /var/www/html/wp-config.php(90): require_once('/var/www/html/w...')
#3 /var/www/html/wp-load.php(37): require_once('/var/www/html/w...')
#4 /var/www/html/wp-admin/admin.php(31): require_once('/var/www/html/w...')
#5 /var/www/html/wp-admin/index.php(10): require_once('/var/www/html/w...')
#6 {main}
  thrown

2018-07-01T06:12:43+00:00 CRITICAL Uncaught Error: Call to undefined function curl_init() in /var/www/html/wp-content/themes/dokan-theme-develop/functions.php:78
Stack trace:
#0 /var/www/html/wp-content/themes/dokan-theme-develop/functions.php(110): file_get_contents_tcurl('http://www.kato...')
#1 /var/www/html/wp-settings.php(426): include('/var/www/html/w...')
#2 /var/www/html/wp-config.php(90): require_once('/var/www/html/w...')
#3 /var/www/html/wp-load.php(37): require_once('/var/www/html/w...')
#4 /var/www/html/wp-blog-header.php(13): require_once('/var/www/html/w...')
#5 /var/www/html/index.php(17): require('/var/www/html/w...')
#6 {main}
  thrown

2018-07-01T06:12:48+00:00 CRITICAL Uncaught Error: Call to undefined function curl_init() in /var/www/html/wp-content/themes/dokan-theme-develop/functions.php:78
Stack trace:
#0 /var/www/html/wp-content/themes/dokan-theme-develop/functions.php(110): file_get_contents_tcurl('http://www.kato...')
#1 /var/www/html/wp-settings.php(426): include('/var/www/html/w...')
#2 /var/www/html/wp-config.php(90): require_once('/var/www/html/w...')
#3 /var/www/html/wp-load.php(37): require_once('/var/www/html/w...')
#4 /var/www/html/wp-admin/admin.php(31): require_once('/var/www/html/w...')
#5 /var/www/html/wp-admin/index.php(10): require_once('/var/www/html/w...')
#6 {main}
  thrown

2018-07-01T06:12:53+00:00 CRITICAL Uncaught Error: Call to undefined function curl_init() in /var/www/html/wp-content/themes/dokan-theme-develop/functions.php:78
Stack trace:
#0 /var/www/html/wp-content/themes/dokan-theme-develop/functions.php(110): file_get_contents_tcurl('http://www.kato...')
#1 /var/www/html/wp-settings.php(426): include('/var/www/html/w...')
#2 /var/www/html/wp-config.php(90): require_once('/var/www/html/w...')
#3 /var/www/html/wp-load.php(37): require_once('/var/www/html/w...')
#4 /var/www/html/wp-blog-header.php(13): require_once('/var/www/html/w...')
#5 /var/www/html/index.php(17): require('/var/www/html/w...')
#6 {main}
  thrown

2018-07-01T06:12:59+00:00 CRITICAL Uncaught Error: Call to undefined function curl_init() in /var/www/html/wp-content/themes/dokan-theme-develop/functions.php:78
Stack trace:
#0 /var/www/html/wp-content/themes/dokan-theme-develop/functions.php(110): file_get_contents_tcurl('http://www.kato...')
#1 /var/www/html/wp-settings.php(426): include('/var/www/html/w...')
#2 /var/www/html/wp-config.php(90): require_once('/var/www/html/w...')
#3 /var/www/html/wp-load.php(37): require_once('/var/www/html/w...')
#4 /var/www/html/wp-blog-header.php(13): require_once('/var/www/html/w...')
#5 /var/www/html/index.php(17): require('/var/www/html/w...')
#6 {main}
  thrown

2018-07-01T06:13:04+00:00 CRITICAL Uncaught Error: Call to undefined function curl_init() in /var/www/html/wp-content/themes/dokan-theme-develop/functions.php:78
Stack trace:
#0 /var/www/html/wp-content/themes/dokan-theme-develop/functions.php(110): file_get_contents_tcurl('http://www.kato...')
#1 /var/www/html/wp-settings.php(426): include('/var/www/html/w...')
#2 /var/www/html/wp-config.php(90): require_once('/var/www/html/w...')
#3 /var/www/html/wp-load.php(37): require_once('/var/www/html/w...')
#4 /var/www/html/wp-blog-header.php(13): require_once('/var/www/html/w...')
#5 /var/www/html/index.php(17): require('/var/www/html/w...')
#6 {main}
  thrown

2018-07-01T06:13:10+00:00 CRITICAL Uncaught Error: Call to undefined function curl_init() in /var/www/html/wp-content/themes/dokan-theme-develop/functions.php:78
Stack trace:
#0 /var/www/html/wp-content/themes/dokan-theme-develop/functions.php(110): file_get_contents_tcurl('http://www.kato...')
#1 /var/www/html/wp-settings.php(426): include('/var/www/html/w...')
#2 /var/www/html/wp-config.php(90): require_once('/var/www/html/w...')
#3 /var/www/html/wp-load.php(37): require_once('/var/www/html/w...')
#4 /var/www/html/wp-blog-header.php(13): require_once('/var/www/html/w...')
#5 /var/www/html/index.php(17): require('/var/www/html/w...')
#6 {main}
  thrown

2018-07-01T06:13:28+00:00 CRITICAL Uncaught Error: Call to undefined function curl_init() in /var/www/html/wp-content/themes/dokan-theme-develop/functions.php:78
Stack trace:
#0 /var/www/html/wp-content/themes/dokan-theme-develop/functions.php(110): file_get_contents_tcurl('http://www.kato...')
#1 /var/www/html/wp-settings.php(426): include('/var/www/html/w...')
#2 /var/www/html/wp-config.php(90): require_once('/var/www/html/w...')
#3 /var/www/html/wp-load.php(37): require_once('/var/www/html/w...')
#4 /var/www/html/wp-blog-header.php(13): require_once('/var/www/html/w...')
#5 /var/www/html/index.php(17): require('/var/www/html/w...')
#6 {main}
  thrown

2018-07-01T06:13:37+00:00 CRITICAL Uncaught Error: Call to undefined function curl_init() in /var/www/html/wp-content/themes/dokan-theme-develop/functions.php:78
Stack trace:
#0 /var/www/html/wp-content/themes/dokan-theme-develop/functions.php(110): file_get_contents_tcurl('http://www.kato...')
#1 /var/www/html/wp-settings.php(426): include('/var/www/html/w...')
#2 /var/www/html/wp-config.php(90): require_once('/var/www/html/w...')
#3 /var/www/html/wp-load.php(37): require_once('/var/www/html/w...')
#4 /var/www/html/wp-blog-header.php(13): require_once('/var/www/html/w...')
#5 /var/www/html/index.php(17): require('/var/www/html/w...')
#6 {main}
  thrown

2018-07-01T06:14:03+00:00 CRITICAL Uncaught Error: Call to undefined function curl_init() in /var/www/html/wp-content/themes/dokan-theme-develop/functions.php:78
Stack trace:
#0 /var/www/html/wp-content/themes/dokan-theme-develop/functions.php(110): file_get_contents_tcurl('http://www.kato...')
#1 /var/www/html/wp-settings.php(426): include('/var/www/html/w...')
#2 /var/www/html/wp-config.php(90): require_once('/var/www/html/w...')
#3 /var/www/html/wp-load.php(37): require_once('/var/www/html/w...')
#4 /var/www/html/wp-blog-header.php(13): require_once('/var/www/html/w...')
#5 /var/www/html/index.php(17): require('/var/www/html/w...')
#6 {main}
  thrown

2018-07-01T06:19:27+00:00 CRITICAL Uncaught Error: Call to undefined function curl_init() in /var/www/html/wp-content/themes/dokan-theme-develop/functions.php:78
Stack trace:
#0 /var/www/html/wp-content/themes/dokan-theme-develop/functions.php(110): file_get_contents_tcurl('http://www.kato...')
#1 /var/www/html/wp-settings.php(426): include('/var/www/html/w...')
#2 /var/www/html/wp-config.php(90): require_once('/var/www/html/w...')
#3 /var/www/html/wp-load.php(37): require_once('/var/www/html/w...')
#4 /var/www/html/wp-blog-header.php(13): require_once('/var/www/html/w...')
#5 /var/www/html/index.php(17): require('/var/www/html/w...')
#6 {main}
  thrown

2018-07-01T06:19:35+00:00 CRITICAL Uncaught Error: Call to undefined function curl_init() in /var/www/html/wp-content/themes/dokan-theme-develop/functions.php:78
Stack trace:
#0 /var/www/html/wp-content/themes/dokan-theme-develop/functions.php(110): file_get_contents_tcurl('http://www.kato...')
#1 /var/www/html/wp-settings.php(426): include('/var/www/html/w...')
#2 /var/www/html/wp-config.php(90): require_once('/var/www/html/w...')
#3 /var/www/html/wp-load.php(37): require_once('/var/www/html/w...')
#4 /var/www/html/wp-blog-header.php(13): require_once('/var/www/html/w...')
#5 /var/www/html/index.php(17): require('/var/www/html/w...')
#6 {main}
  thrown

2018-07-01T06:26:59+00:00 CRITICAL Uncaught Error: Call to undefined function curl_init() in /var/www/html/wp-content/themes/dokan-theme-develop/functions.php:78
Stack trace:
#0 /var/www/html/wp-content/themes/dokan-theme-develop/functions.php(110): file_get_contents_tcurl('http://www.kato...')
#1 /var/www/html/wp-settings.php(426): include('/var/www/html/w...')
#2 /var/www/html/wp-config.php(90): require_once('/var/www/html/w...')
#3 /var/www/html/wp-load.php(37): require_once('/var/www/html/w...')
#4 /var/www/html/wp-blog-header.php(13): require_once('/var/www/html/w...')
#5 /var/www/html/index.php(17): require('/var/www/html/w...')
#6 {main}
  thrown

2018-07-01T08:05:28+00:00 CRITICAL Uncaught Error: Call to undefined function curl_init() in /var/www/html/wp-content/themes/dokan-theme-develop/functions.php:78
Stack trace:
#0 /var/www/html/wp-content/themes/dokan-theme-develop/functions.php(110): file_get_contents_tcurl('http://www.kato...')
#1 /var/www/html/wp-settings.php(426): include('/var/www/html/w...')
#2 /var/www/html/wp-config.php(90): require_once('/var/www/html/w...')
#3 /var/www/html/wp-load.php(37): require_once('/var/www/html/w...')
#4 /var/www/html/wp-blog-header.php(13): require_once('/var/www/html/w...')
#5 /var/www/html/index.php(17): require('/var/www/html/w...')
#6 {main}
  thrown

2018-07-01T08:43:12+00:00 CRITICAL Uncaught Error: Call to undefined function curl_init() in /var/www/html/wp-content/themes/dokan-theme-develop/functions.php:78
Stack trace:
#0 /var/www/html/wp-content/themes/dokan-theme-develop/functions.php(110): file_get_contents_tcurl('http://www.kato...')
#1 /var/www/html/wp-settings.php(426): include('/var/www/html/w...')
#2 /var/www/html/wp-config.php(90): require_once('/var/www/html/w...')
#3 /var/www/html/wp-load.php(37): require_once('/var/www/html/w...')
#4 /var/www/html/wp-blog-header.php(13): require_once('/var/www/html/w...')
#5 /var/www/html/index.php(17): require('/var/www/html/w...')
#6 {main}
  thrown

2018-07-01T08:45:32+00:00 CRITICAL Uncaught Error: Call to undefined function curl_init() in /var/www/html/wp-content/themes/dokan-theme-develop/functions.php:78
Stack trace:
#0 /var/www/html/wp-content/themes/dokan-theme-develop/functions.php(110): file_get_contents_tcurl('http://www.kato...')
#1 /var/www/html/wp-settings.php(426): include('/var/www/html/w...')
#2 /var/www/html/wp-config.php(90): require_once('/var/www/html/w...')
#3 /var/www/html/wp-load.php(37): require_once('/var/www/html/w...')
#4 /var/www/html/wp-blog-header.php(13): require_once('/var/www/html/w...')
#5 /var/www/html/index.php(17): require('/var/www/html/w...')
#6 {main}
  thrown

2018-07-01T08:59:53+00:00 CRITICAL Uncaught Error: Call to undefined function curl_init() in /var/www/html/wp-content/themes/dokan-theme-develop/functions.php:78
Stack trace:
#0 /var/www/html/wp-content/themes/dokan-theme-develop/functions.php(110): file_get_contents_tcurl('http://www.kato...')
#1 /var/www/html/wp-settings.php(426): include('/var/www/html/w...')
#2 /var/www/html/wp-config.php(90): require_once('/var/www/html/w...')
#3 /var/www/html/wp-load.php(37): require_once('/var/www/html/w...')
#4 /var/www/html/wp-blog-header.php(13): require_once('/var/www/html/w...')
#5 /var/www/html/index.php(17): require('/var/www/html/w...')
#6 {main}
  thrown

2018-07-01T09:03:39+00:00 CRITICAL Uncaught Error: Call to undefined function curl_init() in /var/www/html/wp-content/themes/dokan-theme-develop/functions.php:78
Stack trace:
#0 /var/www/html/wp-content/themes/dokan-theme-develop/functions.php(110): file_get_contents_tcurl('http://www.kato...')
#1 /var/www/html/wp-settings.php(426): include('/var/www/html/w...')
#2 /var/www/html/wp-config.php(91): require_once('/var/www/html/w...')
#3 /var/www/html/wp-load.php(37): require_once('/var/www/html/w...')
#4 /var/www/html/wp-blog-header.php(13): require_once('/var/www/html/w...')
#5 /var/www/html/index.php(17): require('/var/www/html/w...')
#6 {main}
  thrown

2018-07-01T09:04:16+00:00 CRITICAL Uncaught Error: Call to undefined function curl_init() in /var/www/html/wp-content/themes/dokan-theme-develop/functions.php:78
Stack trace:
#0 /var/www/html/wp-content/themes/dokan-theme-develop/functions.php(110): file_get_contents_tcurl('http://www.kato...')
#1 /var/www/html/wp-settings.php(426): include('/var/www/html/w...')
#2 /var/www/html/wp-config.php(91): require_once('/var/www/html/w...')
#3 /var/www/html/wp-load.php(37): require_once('/var/www/html/w...')
#4 /var/www/html/wp-blog-header.php(13): require_once('/var/www/html/w...')
#5 /var/www/html/index.php(17): require('/var/www/html/w...')
#6 {main}
  thrown

2018-07-01T09:07:15+00:00 CRITICAL Uncaught Error: Call to undefined function curl_init() in /var/www/html/wp-content/themes/dokan-theme-develop/functions.php:79
Stack trace:
#0 /var/www/html/wp-content/themes/dokan-theme-develop/functions.php(111): file_get_contents_tcurl('http://www.kato...')
#1 /var/www/html/wp-settings.php(426): include('/var/www/html/w...')
#2 /var/www/html/wp-config.php(90): require_once('/var/www/html/w...')
#3 /var/www/html/wp-load.php(37): require_once('/var/www/html/w...')
#4 /var/www/html/wp-blog-header.php(13): require_once('/var/www/html/w...')
#5 /var/www/html/index.php(17): require('/var/www/html/w...')
#6 {main}
  thrown

2018-07-01T09:07:41+00:00 CRITICAL Uncaught Error: Call to undefined function curl_init() in /var/www/html/wp-content/themes/dokan-theme-develop/functions.php:78
Stack trace:
#0 /var/www/html/wp-content/themes/dokan-theme-develop/functions.php(110): file_get_contents_tcurl('http://www.kato...')
#1 /var/www/html/wp-settings.php(425): include('/var/www/html/w...')
#2 /var/www/html/wp-config.php(90): require_once('/var/www/html/w...')
#3 /var/www/html/wp-load.php(37): require_once('/var/www/html/w...')
#4 /var/www/html/wp-blog-header.php(13): require_once('/var/www/html/w...')
#5 /var/www/html/index.php(17): require('/var/www/html/w...')
#6 {main}
  thrown

2018-07-01T09:19:41+00:00 CRITICAL Uncaught Error: Call to undefined function curl_init() in /var/www/html/wp-content/themes/dokan-child-theme/functions.php:78
Stack trace:
#0 /var/www/html/wp-content/themes/dokan-child-theme/functions.php(110): file_get_contents_tcurl('http://www.kato...')
#1 /var/www/html/wp-settings.php(424): include('/var/www/html/w...')
#2 /var/www/html/wp-config.php(90): require_once('/var/www/html/w...')
#3 /var/www/html/wp-load.php(37): require_once('/var/www/html/w...')
#4 /var/www/html/wp-blog-header.php(13): require_once('/var/www/html/w...')
#5 /var/www/html/index.php(17): require('/var/www/html/w...')
#6 {main}
  thrown

2018-07-01T09:19:46+00:00 CRITICAL Uncaught Error: Call to undefined function curl_init() in /var/www/html/wp-content/themes/dokan-child-theme/functions.php:78
Stack trace:
#0 /var/www/html/wp-content/themes/dokan-child-theme/functions.php(110): file_get_contents_tcurl('http://www.kato...')
#1 /var/www/html/wp-settings.php(424): include('/var/www/html/w...')
#2 /var/www/html/wp-config.php(90): require_once('/var/www/html/w...')
#3 /var/www/html/wp-load.php(37): require_once('/var/www/html/w...')
#4 /var/www/html/wp-blog-header.php(13): require_once('/var/www/html/w...')
#5 /var/www/html/index.php(17): require('/var/www/html/w...')
#6 {main}
  thrown

