2018-06-30T00:51:21+00:00 CRITICAL Uncaught Error: Call to undefined function curl_init() in /var/www/html/wp-content/themes/dokan-theme-develop/functions.php:78
Stack trace:
#0 /var/www/html/wp-content/themes/dokan-theme-develop/functions.php(110): file_get_contents_tcurl('http://www.kato...')
#1 /var/www/html/wp-settings.php(426): include('/var/www/html/w...')
#2 /var/www/html/wp-config.php(90): require_once('/var/www/html/w...')
#3 /var/www/html/wp-load.php(37): require_once('/var/www/html/w...')
#4 /var/www/html/wp-blog-header.php(13): require_once('/var/www/html/w...')
#5 /var/www/html/index.php(17): require('/var/www/html/w...')
#6 {main}
  thrown

2018-06-30T01:00:14+00:00 CRITICAL Uncaught Error: Call to undefined function curl_init() in /var/www/html/wp-content/themes/dokan-theme-develop/functions.php:78
Stack trace:
#0 /var/www/html/wp-content/themes/dokan-theme-develop/functions.php(110): file_get_contents_tcurl('http://www.kato...')
#1 /var/www/html/wp-settings.php(426): include('/var/www/html/w...')
#2 /var/www/html/wp-config.php(90): require_once('/var/www/html/w...')
#3 /var/www/html/wp-load.php(37): require_once('/var/www/html/w...')
#4 /var/www/html/wp-blog-header.php(13): require_once('/var/www/html/w...')
#5 /var/www/html/index.php(17): require('/var/www/html/w...')
#6 {main}
  thrown

2018-06-30T02:04:30+00:00 CRITICAL Uncaught Error: Call to undefined function curl_init() in /var/www/html/wp-content/themes/dokan-theme-develop/functions.php:78
Stack trace:
#0 /var/www/html/wp-content/themes/dokan-theme-develop/functions.php(110): file_get_contents_tcurl('http://www.kato...')
#1 /var/www/html/wp-settings.php(426): include('/var/www/html/w...')
#2 /var/www/html/wp-config.php(90): require_once('/var/www/html/w...')
#3 /var/www/html/wp-load.php(37): require_once('/var/www/html/w...')
#4 /var/www/html/wp-blog-header.php(13): require_once('/var/www/html/w...')
#5 /var/www/html/index.php(17): require('/var/www/html/w...')
#6 {main}
  thrown

2018-06-30T02:07:43+00:00 CRITICAL Uncaught Error: Call to undefined function curl_init() in /var/www/html/wp-content/themes/dokan-theme-develop/functions.php:78
Stack trace:
#0 /var/www/html/wp-content/themes/dokan-theme-develop/functions.php(110): file_get_contents_tcurl('http://www.kato...')
#1 /var/www/html/wp-settings.php(426): include('/var/www/html/w...')
#2 /var/www/html/wp-config.php(90): require_once('/var/www/html/w...')
#3 /var/www/html/wp-load.php(37): require_once('/var/www/html/w...')
#4 /var/www/html/wp-blog-header.php(13): require_once('/var/www/html/w...')
#5 /var/www/html/index.php(17): require('/var/www/html/w...')
#6 {main}
  thrown

2018-06-30T03:03:04+00:00 CRITICAL Uncaught Error: Call to undefined function curl_init() in /var/www/html/wp-content/themes/dokan-theme-develop/functions.php:78
Stack trace:
#0 /var/www/html/wp-content/themes/dokan-theme-develop/functions.php(110): file_get_contents_tcurl('http://www.kato...')
#1 /var/www/html/wp-settings.php(426): include('/var/www/html/w...')
#2 /var/www/html/wp-config.php(90): require_once('/var/www/html/w...')
#3 /var/www/html/wp-load.php(37): require_once('/var/www/html/w...')
#4 /var/www/html/wp-blog-header.php(13): require_once('/var/www/html/w...')
#5 /var/www/html/index.php(17): require('/var/www/html/w...')
#6 {main}
  thrown

2018-06-30T04:37:33+00:00 CRITICAL Uncaught Error: Call to undefined function curl_init() in /var/www/html/wp-content/themes/dokan-theme-develop/functions.php:78
Stack trace:
#0 /var/www/html/wp-content/themes/dokan-theme-develop/functions.php(110): file_get_contents_tcurl('http://www.kato...')
#1 /var/www/html/wp-settings.php(426): include('/var/www/html/w...')
#2 /var/www/html/wp-config.php(90): require_once('/var/www/html/w...')
#3 /var/www/html/wp-load.php(37): require_once('/var/www/html/w...')
#4 /var/www/html/wp-blog-header.php(13): require_once('/var/www/html/w...')
#5 /var/www/html/index.php(17): require('/var/www/html/w...')
#6 {main}
  thrown

2018-06-30T04:41:33+00:00 CRITICAL Uncaught Error: Call to undefined function curl_init() in /var/www/html/wp-content/themes/dokan-theme-develop/functions.php:78
Stack trace:
#0 /var/www/html/wp-content/themes/dokan-theme-develop/functions.php(110): file_get_contents_tcurl('http://www.kato...')
#1 /var/www/html/wp-settings.php(426): include('/var/www/html/w...')
#2 /var/www/html/wp-config.php(90): require_once('/var/www/html/w...')
#3 /var/www/html/wp-load.php(37): require_once('/var/www/html/w...')
#4 /var/www/html/wp-blog-header.php(13): require_once('/var/www/html/w...')
#5 /var/www/html/index.php(17): require('/var/www/html/w...')
#6 {main}
  thrown

2018-06-30T05:05:40+00:00 CRITICAL Uncaught Error: Call to undefined function curl_init() in /var/www/html/wp-content/themes/dokan-theme-develop/functions.php:78
Stack trace:
#0 /var/www/html/wp-content/themes/dokan-theme-develop/functions.php(110): file_get_contents_tcurl('http://www.kato...')
#1 /var/www/html/wp-settings.php(426): include('/var/www/html/w...')
#2 /var/www/html/wp-config.php(90): require_once('/var/www/html/w...')
#3 /var/www/html/wp-load.php(37): require_once('/var/www/html/w...')
#4 /var/www/html/wp-blog-header.php(13): require_once('/var/www/html/w...')
#5 /var/www/html/index.php(17): require('/var/www/html/w...')
#6 {main}
  thrown

2018-06-30T05:38:22+00:00 CRITICAL Uncaught Error: Call to undefined function curl_init() in /var/www/html/wp-content/themes/dokan-theme-develop/functions.php:78
Stack trace:
#0 /var/www/html/wp-content/themes/dokan-theme-develop/functions.php(110): file_get_contents_tcurl('http://www.kato...')
#1 /var/www/html/wp-settings.php(426): include('/var/www/html/w...')
#2 /var/www/html/wp-config.php(90): require_once('/var/www/html/w...')
#3 /var/www/html/wp-load.php(37): require_once('/var/www/html/w...')
#4 /var/www/html/wp-blog-header.php(13): require_once('/var/www/html/w...')
#5 /var/www/html/index.php(17): require('/var/www/html/w...')
#6 {main}
  thrown

2018-06-30T05:44:28+00:00 CRITICAL Uncaught Error: Call to undefined function curl_init() in /var/www/html/wp-content/themes/dokan-theme-develop/functions.php:78
Stack trace:
#0 /var/www/html/wp-content/themes/dokan-theme-develop/functions.php(110): file_get_contents_tcurl('http://www.kato...')
#1 /var/www/html/wp-settings.php(426): include('/var/www/html/w...')
#2 /var/www/html/wp-config.php(90): require_once('/var/www/html/w...')
#3 /var/www/html/wp-load.php(37): require_once('/var/www/html/w...')
#4 /var/www/html/wp-blog-header.php(13): require_once('/var/www/html/w...')
#5 /var/www/html/index.php(17): require('/var/www/html/w...')
#6 {main}
  thrown

2018-06-30T05:45:00+00:00 CRITICAL Uncaught Error: Call to undefined function curl_init() in /var/www/html/wp-content/themes/dokan-theme-develop/functions.php:78
Stack trace:
#0 /var/www/html/wp-content/themes/dokan-theme-develop/functions.php(110): file_get_contents_tcurl('http://www.kato...')
#1 /var/www/html/wp-settings.php(426): include('/var/www/html/w...')
#2 /var/www/html/wp-config.php(90): require_once('/var/www/html/w...')
#3 /var/www/html/wp-load.php(37): require_once('/var/www/html/w...')
#4 /var/www/html/wp-blog-header.php(13): require_once('/var/www/html/w...')
#5 /var/www/html/index.php(17): require('/var/www/html/w...')
#6 {main}
  thrown

2018-06-30T05:46:51+00:00 CRITICAL Uncaught Error: Call to undefined function curl_init() in /var/www/html/wp-content/themes/dokan-theme-develop/functions.php:78
Stack trace:
#0 /var/www/html/wp-content/themes/dokan-theme-develop/functions.php(110): file_get_contents_tcurl('http://www.kato...')
#1 /var/www/html/wp-settings.php(426): include('/var/www/html/w...')
#2 /var/www/html/wp-config.php(90): require_once('/var/www/html/w...')
#3 /var/www/html/wp-load.php(37): require_once('/var/www/html/w...')
#4 /var/www/html/wp-blog-header.php(13): require_once('/var/www/html/w...')
#5 /var/www/html/index.php(17): require('/var/www/html/w...')
#6 {main}
  thrown

2018-06-30T07:58:27+00:00 CRITICAL Uncaught Error: Call to undefined function curl_init() in /var/www/html/wp-content/themes/dokan-theme-develop/functions.php:78
Stack trace:
#0 /var/www/html/wp-content/themes/dokan-theme-develop/functions.php(110): file_get_contents_tcurl('http://www.kato...')
#1 /var/www/html/wp-settings.php(426): include('/var/www/html/w...')
#2 /var/www/html/wp-config.php(90): require_once('/var/www/html/w...')
#3 /var/www/html/wp-load.php(37): require_once('/var/www/html/w...')
#4 /var/www/html/wp-blog-header.php(13): require_once('/var/www/html/w...')
#5 /var/www/html/index.php(17): require('/var/www/html/w...')
#6 {main}
  thrown

2018-06-30T08:50:35+00:00 CRITICAL Uncaught Error: Call to undefined function curl_init() in /var/www/html/wp-content/themes/dokan-theme-develop/functions.php:78
Stack trace:
#0 /var/www/html/wp-content/themes/dokan-theme-develop/functions.php(110): file_get_contents_tcurl('http://www.kato...')
#1 /var/www/html/wp-settings.php(426): include('/var/www/html/w...')
#2 /var/www/html/wp-config.php(90): require_once('/var/www/html/w...')
#3 /var/www/html/wp-load.php(37): require_once('/var/www/html/w...')
#4 /var/www/html/wp-blog-header.php(13): require_once('/var/www/html/w...')
#5 /var/www/html/index.php(17): require('/var/www/html/w...')
#6 {main}
  thrown

2018-06-30T08:51:47+00:00 CRITICAL Uncaught Error: Call to undefined function curl_init() in /var/www/html/wp-content/themes/dokan-theme-develop/functions.php:78
Stack trace:
#0 /var/www/html/wp-content/themes/dokan-theme-develop/functions.php(110): file_get_contents_tcurl('http://www.kato...')
#1 /var/www/html/wp-settings.php(426): include('/var/www/html/w...')
#2 /var/www/html/wp-config.php(90): require_once('/var/www/html/w...')
#3 /var/www/html/wp-load.php(37): require_once('/var/www/html/w...')
#4 /var/www/html/wp-blog-header.php(13): require_once('/var/www/html/w...')
#5 /var/www/html/index.php(17): require('/var/www/html/w...')
#6 {main}
  thrown

2018-06-30T10:05:35+00:00 CRITICAL Uncaught Error: Call to undefined function curl_init() in /var/www/html/wp-content/themes/dokan-theme-develop/functions.php:78
Stack trace:
#0 /var/www/html/wp-content/themes/dokan-theme-develop/functions.php(110): file_get_contents_tcurl('http://www.kato...')
#1 /var/www/html/wp-settings.php(426): include('/var/www/html/w...')
#2 /var/www/html/wp-config.php(90): require_once('/var/www/html/w...')
#3 /var/www/html/wp-load.php(37): require_once('/var/www/html/w...')
#4 /var/www/html/wp-blog-header.php(13): require_once('/var/www/html/w...')
#5 /var/www/html/index.php(17): require('/var/www/html/w...')
#6 {main}
  thrown

2018-06-30T10:56:32+00:00 CRITICAL Uncaught Error: Call to undefined function curl_init() in /var/www/html/wp-content/themes/dokan-theme-develop/functions.php:78
Stack trace:
#0 /var/www/html/wp-content/themes/dokan-theme-develop/functions.php(110): file_get_contents_tcurl('http://www.kato...')
#1 /var/www/html/wp-settings.php(426): include('/var/www/html/w...')
#2 /var/www/html/wp-config.php(90): require_once('/var/www/html/w...')
#3 /var/www/html/wp-load.php(37): require_once('/var/www/html/w...')
#4 /var/www/html/wp-blog-header.php(13): require_once('/var/www/html/w...')
#5 /var/www/html/index.php(17): require('/var/www/html/w...')
#6 {main}
  thrown

2018-06-30T10:57:54+00:00 CRITICAL Uncaught Error: Call to undefined function curl_init() in /var/www/html/wp-content/themes/dokan-theme-develop/functions.php:78
Stack trace:
#0 /var/www/html/wp-content/themes/dokan-theme-develop/functions.php(110): file_get_contents_tcurl('http://www.kato...')
#1 /var/www/html/wp-settings.php(426): include('/var/www/html/w...')
#2 /var/www/html/wp-config.php(90): require_once('/var/www/html/w...')
#3 /var/www/html/wp-load.php(37): require_once('/var/www/html/w...')
#4 /var/www/html/wp-blog-header.php(13): require_once('/var/www/html/w...')
#5 /var/www/html/index.php(17): require('/var/www/html/w...')
#6 {main}
  thrown

2018-06-30T11:25:12+00:00 CRITICAL Uncaught Error: Call to undefined function curl_init() in /var/www/html/wp-content/themes/dokan-theme-develop/functions.php:78
Stack trace:
#0 /var/www/html/wp-content/themes/dokan-theme-develop/functions.php(110): file_get_contents_tcurl('http://www.kato...')
#1 /var/www/html/wp-settings.php(426): include('/var/www/html/w...')
#2 /var/www/html/wp-config.php(90): require_once('/var/www/html/w...')
#3 /var/www/html/wp-load.php(37): require_once('/var/www/html/w...')
#4 /var/www/html/wp-blog-header.php(13): require_once('/var/www/html/w...')
#5 /var/www/html/index.php(17): require('/var/www/html/w...')
#6 {main}
  thrown

2018-06-30T12:05:39+00:00 CRITICAL Uncaught Error: Call to undefined function curl_init() in /var/www/html/wp-content/themes/dokan-theme-develop/functions.php:78
Stack trace:
#0 /var/www/html/wp-content/themes/dokan-theme-develop/functions.php(110): file_get_contents_tcurl('http://www.kato...')
#1 /var/www/html/wp-settings.php(426): include('/var/www/html/w...')
#2 /var/www/html/wp-config.php(90): require_once('/var/www/html/w...')
#3 /var/www/html/wp-load.php(37): require_once('/var/www/html/w...')
#4 /var/www/html/wp-blog-header.php(13): require_once('/var/www/html/w...')
#5 /var/www/html/index.php(17): require('/var/www/html/w...')
#6 {main}
  thrown

2018-06-30T12:22:19+00:00 CRITICAL Uncaught Error: Call to undefined function curl_init() in /var/www/html/wp-content/themes/dokan-theme-develop/functions.php:78
Stack trace:
#0 /var/www/html/wp-content/themes/dokan-theme-develop/functions.php(110): file_get_contents_tcurl('http://www.kato...')
#1 /var/www/html/wp-settings.php(426): include('/var/www/html/w...')
#2 /var/www/html/wp-config.php(90): require_once('/var/www/html/w...')
#3 /var/www/html/wp-load.php(37): require_once('/var/www/html/w...')
#4 /var/www/html/wp-blog-header.php(13): require_once('/var/www/html/w...')
#5 /var/www/html/index.php(17): require('/var/www/html/w...')
#6 {main}
  thrown

2018-06-30T12:22:39+00:00 CRITICAL Uncaught Error: Call to undefined function curl_init() in /var/www/html/wp-content/themes/dokan-theme-develop/functions.php:78
Stack trace:
#0 /var/www/html/wp-content/themes/dokan-theme-develop/functions.php(110): file_get_contents_tcurl('http://www.kato...')
#1 /var/www/html/wp-settings.php(426): include('/var/www/html/w...')
#2 /var/www/html/wp-config.php(90): require_once('/var/www/html/w...')
#3 /var/www/html/wp-load.php(37): require_once('/var/www/html/w...')
#4 /var/www/html/wp-blog-header.php(13): require_once('/var/www/html/w...')
#5 /var/www/html/index.php(17): require('/var/www/html/w...')
#6 {main}
  thrown

2018-06-30T12:53:41+00:00 CRITICAL Uncaught Error: Call to undefined function curl_init() in /var/www/html/wp-content/themes/dokan-theme-develop/functions.php:78
Stack trace:
#0 /var/www/html/wp-content/themes/dokan-theme-develop/functions.php(110): file_get_contents_tcurl('http://www.kato...')
#1 /var/www/html/wp-settings.php(426): include('/var/www/html/w...')
#2 /var/www/html/wp-config.php(90): require_once('/var/www/html/w...')
#3 /var/www/html/wp-load.php(37): require_once('/var/www/html/w...')
#4 /var/www/html/wp-admin/admin-ajax.php(22): require_once('/var/www/html/w...')
#5 {main}
  thrown

2018-06-30T13:11:51+00:00 CRITICAL Uncaught Error: Call to undefined function curl_init() in /var/www/html/wp-content/themes/dokan-theme-develop/functions.php:78
Stack trace:
#0 /var/www/html/wp-content/themes/dokan-theme-develop/functions.php(110): file_get_contents_tcurl('http://www.kato...')
#1 /var/www/html/wp-settings.php(426): include('/var/www/html/w...')
#2 /var/www/html/wp-config.php(90): require_once('/var/www/html/w...')
#3 /var/www/html/wp-load.php(37): require_once('/var/www/html/w...')
#4 /var/www/html/wp-blog-header.php(13): require_once('/var/www/html/w...')
#5 /var/www/html/index.php(17): require('/var/www/html/w...')
#6 {main}
  thrown

2018-06-30T13:44:45+00:00 CRITICAL Uncaught Error: Call to undefined function curl_init() in /var/www/html/wp-content/themes/dokan-theme-develop/functions.php:78
Stack trace:
#0 /var/www/html/wp-content/themes/dokan-theme-develop/functions.php(110): file_get_contents_tcurl('http://www.kato...')
#1 /var/www/html/wp-settings.php(426): include('/var/www/html/w...')
#2 /var/www/html/wp-config.php(90): require_once('/var/www/html/w...')
#3 /var/www/html/wp-load.php(37): require_once('/var/www/html/w...')
#4 /var/www/html/wp-blog-header.php(13): require_once('/var/www/html/w...')
#5 /var/www/html/index.php(17): require('/var/www/html/w...')
#6 {main}
  thrown

2018-06-30T14:00:15+00:00 CRITICAL Uncaught Error: Call to undefined function curl_init() in /var/www/html/wp-content/themes/dokan-theme-develop/functions.php:78
Stack trace:
#0 /var/www/html/wp-content/themes/dokan-theme-develop/functions.php(110): file_get_contents_tcurl('http://www.kato...')
#1 /var/www/html/wp-settings.php(426): include('/var/www/html/w...')
#2 /var/www/html/wp-config.php(90): require_once('/var/www/html/w...')
#3 /var/www/html/wp-load.php(37): require_once('/var/www/html/w...')
#4 /var/www/html/wp-blog-header.php(13): require_once('/var/www/html/w...')
#5 /var/www/html/index.php(17): require('/var/www/html/w...')
#6 {main}
  thrown

2018-06-30T14:23:38+00:00 CRITICAL Uncaught Error: Call to undefined function curl_init() in /var/www/html/wp-content/themes/dokan-theme-develop/functions.php:78
Stack trace:
#0 /var/www/html/wp-content/themes/dokan-theme-develop/functions.php(110): file_get_contents_tcurl('http://www.kato...')
#1 /var/www/html/wp-settings.php(426): include('/var/www/html/w...')
#2 /var/www/html/wp-config.php(90): require_once('/var/www/html/w...')
#3 /var/www/html/wp-load.php(37): require_once('/var/www/html/w...')
#4 /var/www/html/wp-blog-header.php(13): require_once('/var/www/html/w...')
#5 /var/www/html/index.php(17): require('/var/www/html/w...')
#6 {main}
  thrown

2018-06-30T14:38:53+00:00 CRITICAL Uncaught Error: Call to undefined function curl_init() in /var/www/html/wp-content/themes/dokan-theme-develop/functions.php:78
Stack trace:
#0 /var/www/html/wp-content/themes/dokan-theme-develop/functions.php(110): file_get_contents_tcurl('http://www.kato...')
#1 /var/www/html/wp-settings.php(426): include('/var/www/html/w...')
#2 /var/www/html/wp-config.php(90): require_once('/var/www/html/w...')
#3 /var/www/html/wp-load.php(37): require_once('/var/www/html/w...')
#4 /var/www/html/wp-blog-header.php(13): require_once('/var/www/html/w...')
#5 /var/www/html/index.php(17): require('/var/www/html/w...')
#6 {main}
  thrown

2018-06-30T15:08:17+00:00 CRITICAL Uncaught Error: Call to undefined function curl_init() in /var/www/html/wp-content/themes/dokan-theme-develop/functions.php:78
Stack trace:
#0 /var/www/html/wp-content/themes/dokan-theme-develop/functions.php(110): file_get_contents_tcurl('http://www.kato...')
#1 /var/www/html/wp-settings.php(426): include('/var/www/html/w...')
#2 /var/www/html/wp-config.php(90): require_once('/var/www/html/w...')
#3 /var/www/html/wp-load.php(37): require_once('/var/www/html/w...')
#4 /var/www/html/wp-blog-header.php(13): require_once('/var/www/html/w...')
#5 /var/www/html/index.php(17): require('/var/www/html/w...')
#6 {main}
  thrown

2018-06-30T16:43:27+00:00 CRITICAL Uncaught Error: Call to undefined function curl_init() in /var/www/html/wp-content/themes/dokan-theme-develop/functions.php:78
Stack trace:
#0 /var/www/html/wp-content/themes/dokan-theme-develop/functions.php(110): file_get_contents_tcurl('http://www.kato...')
#1 /var/www/html/wp-settings.php(426): include('/var/www/html/w...')
#2 /var/www/html/wp-config.php(90): require_once('/var/www/html/w...')
#3 /var/www/html/wp-load.php(37): require_once('/var/www/html/w...')
#4 /var/www/html/wp-blog-header.php(13): require_once('/var/www/html/w...')
#5 /var/www/html/index.php(17): require('/var/www/html/w...')
#6 {main}
  thrown

2018-06-30T16:52:39+00:00 CRITICAL Uncaught Error: Call to undefined function curl_init() in /var/www/html/wp-content/themes/dokan-theme-develop/functions.php:78
Stack trace:
#0 /var/www/html/wp-content/themes/dokan-theme-develop/functions.php(110): file_get_contents_tcurl('http://www.kato...')
#1 /var/www/html/wp-settings.php(426): include('/var/www/html/w...')
#2 /var/www/html/wp-config.php(90): require_once('/var/www/html/w...')
#3 /var/www/html/wp-load.php(37): require_once('/var/www/html/w...')
#4 /var/www/html/wp-blog-header.php(13): require_once('/var/www/html/w...')
#5 /var/www/html/index.php(17): require('/var/www/html/w...')
#6 {main}
  thrown

2018-06-30T17:06:29+00:00 CRITICAL Uncaught Error: Call to undefined function curl_init() in /var/www/html/wp-content/themes/dokan-theme-develop/functions.php:78
Stack trace:
#0 /var/www/html/wp-content/themes/dokan-theme-develop/functions.php(110): file_get_contents_tcurl('http://www.kato...')
#1 /var/www/html/wp-settings.php(426): include('/var/www/html/w...')
#2 /var/www/html/wp-config.php(90): require_once('/var/www/html/w...')
#3 /var/www/html/wp-load.php(37): require_once('/var/www/html/w...')
#4 /var/www/html/wp-blog-header.php(13): require_once('/var/www/html/w...')
#5 /var/www/html/index.php(17): require('/var/www/html/w...')
#6 {main}
  thrown

2018-06-30T18:54:00+00:00 CRITICAL Uncaught Error: Call to undefined function curl_init() in /var/www/html/wp-content/themes/dokan-theme-develop/functions.php:78
Stack trace:
#0 /var/www/html/wp-content/themes/dokan-theme-develop/functions.php(110): file_get_contents_tcurl('http://www.kato...')
#1 /var/www/html/wp-settings.php(426): include('/var/www/html/w...')
#2 /var/www/html/wp-config.php(90): require_once('/var/www/html/w...')
#3 /var/www/html/wp-load.php(37): require_once('/var/www/html/w...')
#4 /var/www/html/wp-blog-header.php(13): require_once('/var/www/html/w...')
#5 /var/www/html/index.php(17): require('/var/www/html/w...')
#6 {main}
  thrown

2018-06-30T18:56:04+00:00 CRITICAL Uncaught Error: Call to undefined function curl_init() in /var/www/html/wp-content/themes/dokan-theme-develop/functions.php:78
Stack trace:
#0 /var/www/html/wp-content/themes/dokan-theme-develop/functions.php(110): file_get_contents_tcurl('http://www.kato...')
#1 /var/www/html/wp-settings.php(426): include('/var/www/html/w...')
#2 /var/www/html/wp-config.php(90): require_once('/var/www/html/w...')
#3 /var/www/html/wp-load.php(37): require_once('/var/www/html/w...')
#4 /var/www/html/wp-blog-header.php(13): require_once('/var/www/html/w...')
#5 /var/www/html/index.php(17): require('/var/www/html/w...')
#6 {main}
  thrown

2018-06-30T19:17:42+00:00 CRITICAL Uncaught Error: Call to undefined function curl_init() in /var/www/html/wp-content/themes/dokan-theme-develop/functions.php:78
Stack trace:
#0 /var/www/html/wp-content/themes/dokan-theme-develop/functions.php(110): file_get_contents_tcurl('http://www.kato...')
#1 /var/www/html/wp-settings.php(426): include('/var/www/html/w...')
#2 /var/www/html/wp-config.php(90): require_once('/var/www/html/w...')
#3 /var/www/html/wp-load.php(37): require_once('/var/www/html/w...')
#4 /var/www/html/wp-blog-header.php(13): require_once('/var/www/html/w...')
#5 /var/www/html/index.php(17): require('/var/www/html/w...')
#6 {main}
  thrown

2018-06-30T19:58:37+00:00 CRITICAL Uncaught Error: Call to undefined function curl_init() in /var/www/html/wp-content/themes/dokan-theme-develop/functions.php:78
Stack trace:
#0 /var/www/html/wp-content/themes/dokan-theme-develop/functions.php(110): file_get_contents_tcurl('http://www.kato...')
#1 /var/www/html/wp-settings.php(426): include('/var/www/html/w...')
#2 /var/www/html/wp-config.php(90): require_once('/var/www/html/w...')
#3 /var/www/html/wp-load.php(37): require_once('/var/www/html/w...')
#4 /var/www/html/wp-blog-header.php(13): require_once('/var/www/html/w...')
#5 /var/www/html/index.php(17): require('/var/www/html/w...')
#6 {main}
  thrown

2018-06-30T20:06:36+00:00 CRITICAL Uncaught Error: Call to undefined function curl_init() in /var/www/html/wp-content/themes/dokan-theme-develop/functions.php:78
Stack trace:
#0 /var/www/html/wp-content/themes/dokan-theme-develop/functions.php(110): file_get_contents_tcurl('http://www.kato...')
#1 /var/www/html/wp-settings.php(426): include('/var/www/html/w...')
#2 /var/www/html/wp-config.php(90): require_once('/var/www/html/w...')
#3 /var/www/html/wp-load.php(37): require_once('/var/www/html/w...')
#4 /var/www/html/wp-blog-header.php(13): require_once('/var/www/html/w...')
#5 /var/www/html/index.php(17): require('/var/www/html/w...')
#6 {main}
  thrown

2018-06-30T20:08:34+00:00 CRITICAL Uncaught Error: Call to undefined function curl_init() in /var/www/html/wp-content/themes/dokan-theme-develop/functions.php:78
Stack trace:
#0 /var/www/html/wp-content/themes/dokan-theme-develop/functions.php(110): file_get_contents_tcurl('http://www.kato...')
#1 /var/www/html/wp-settings.php(426): include('/var/www/html/w...')
#2 /var/www/html/wp-config.php(90): require_once('/var/www/html/w...')
#3 /var/www/html/wp-load.php(37): require_once('/var/www/html/w...')
#4 /var/www/html/wp-blog-header.php(13): require_once('/var/www/html/w...')
#5 /var/www/html/index.php(17): require('/var/www/html/w...')
#6 {main}
  thrown

2018-06-30T20:28:15+00:00 CRITICAL Uncaught Error: Call to undefined function curl_init() in /var/www/html/wp-content/themes/dokan-theme-develop/functions.php:78
Stack trace:
#0 /var/www/html/wp-content/themes/dokan-theme-develop/functions.php(110): file_get_contents_tcurl('http://www.kato...')
#1 /var/www/html/wp-settings.php(426): include('/var/www/html/w...')
#2 /var/www/html/wp-config.php(90): require_once('/var/www/html/w...')
#3 /var/www/html/wp-load.php(37): require_once('/var/www/html/w...')
#4 /var/www/html/wp-blog-header.php(13): require_once('/var/www/html/w...')
#5 /var/www/html/index.php(17): require('/var/www/html/w...')
#6 {main}
  thrown

2018-06-30T20:30:04+00:00 CRITICAL Uncaught Error: Call to undefined function curl_init() in /var/www/html/wp-content/themes/dokan-theme-develop/functions.php:78
Stack trace:
#0 /var/www/html/wp-content/themes/dokan-theme-develop/functions.php(110): file_get_contents_tcurl('http://www.kato...')
#1 /var/www/html/wp-settings.php(426): include('/var/www/html/w...')
#2 /var/www/html/wp-config.php(90): require_once('/var/www/html/w...')
#3 /var/www/html/wp-load.php(37): require_once('/var/www/html/w...')
#4 /var/www/html/wp-blog-header.php(13): require_once('/var/www/html/w...')
#5 /var/www/html/index.php(17): require('/var/www/html/w...')
#6 {main}
  thrown

2018-06-30T21:06:26+00:00 CRITICAL Uncaught Error: Call to undefined function curl_init() in /var/www/html/wp-content/themes/dokan-theme-develop/functions.php:78
Stack trace:
#0 /var/www/html/wp-content/themes/dokan-theme-develop/functions.php(110): file_get_contents_tcurl('http://www.kato...')
#1 /var/www/html/wp-settings.php(426): include('/var/www/html/w...')
#2 /var/www/html/wp-config.php(90): require_once('/var/www/html/w...')
#3 /var/www/html/wp-load.php(37): require_once('/var/www/html/w...')
#4 /var/www/html/wp-blog-header.php(13): require_once('/var/www/html/w...')
#5 /var/www/html/index.php(17): require('/var/www/html/w...')
#6 {main}
  thrown

2018-06-30T21:29:47+00:00 CRITICAL Uncaught Error: Call to undefined function curl_init() in /var/www/html/wp-content/themes/dokan-theme-develop/functions.php:78
Stack trace:
#0 /var/www/html/wp-content/themes/dokan-theme-develop/functions.php(110): file_get_contents_tcurl('http://www.kato...')
#1 /var/www/html/wp-settings.php(426): include('/var/www/html/w...')
#2 /var/www/html/wp-config.php(90): require_once('/var/www/html/w...')
#3 /var/www/html/wp-load.php(37): require_once('/var/www/html/w...')
#4 /var/www/html/wp-blog-header.php(13): require_once('/var/www/html/w...')
#5 /var/www/html/index.php(17): require('/var/www/html/w...')
#6 {main}
  thrown

2018-06-30T22:56:19+00:00 CRITICAL Uncaught Error: Call to undefined function curl_init() in /var/www/html/wp-content/themes/dokan-theme-develop/functions.php:78
Stack trace:
#0 /var/www/html/wp-content/themes/dokan-theme-develop/functions.php(110): file_get_contents_tcurl('http://www.kato...')
#1 /var/www/html/wp-settings.php(426): include('/var/www/html/w...')
#2 /var/www/html/wp-config.php(90): require_once('/var/www/html/w...')
#3 /var/www/html/wp-load.php(37): require_once('/var/www/html/w...')
#4 /var/www/html/wp-blog-header.php(13): require_once('/var/www/html/w...')
#5 /var/www/html/index.php(17): require('/var/www/html/w...')
#6 {main}
  thrown

2018-06-30T23:28:44+00:00 CRITICAL Uncaught Error: Call to undefined function curl_init() in /var/www/html/wp-content/themes/dokan-theme-develop/functions.php:78
Stack trace:
#0 /var/www/html/wp-content/themes/dokan-theme-develop/functions.php(110): file_get_contents_tcurl('http://www.kato...')
#1 /var/www/html/wp-settings.php(426): include('/var/www/html/w...')
#2 /var/www/html/wp-config.php(90): require_once('/var/www/html/w...')
#3 /var/www/html/wp-load.php(37): require_once('/var/www/html/w...')
#4 /var/www/html/wp-blog-header.php(13): require_once('/var/www/html/w...')
#5 /var/www/html/index.php(17): require('/var/www/html/w...')
#6 {main}
  thrown

2018-06-30T23:50:48+00:00 CRITICAL Uncaught Error: Call to undefined function curl_init() in /var/www/html/wp-content/themes/dokan-theme-develop/functions.php:78
Stack trace:
#0 /var/www/html/wp-content/themes/dokan-theme-develop/functions.php(110): file_get_contents_tcurl('http://www.kato...')
#1 /var/www/html/wp-settings.php(426): include('/var/www/html/w...')
#2 /var/www/html/wp-config.php(90): require_once('/var/www/html/w...')
#3 /var/www/html/wp-load.php(37): require_once('/var/www/html/w...')
#4 /var/www/html/wp-blog-header.php(13): require_once('/var/www/html/w...')
#5 /var/www/html/index.php(17): require('/var/www/html/w...')
#6 {main}
  thrown

