2018-06-28T11:39:35+00:00 CRITICAL Uncaught Error: Call to undefined function curl_init() in /var/www/html/wp-content/themes/dokan-theme-develop/functions.php:78
Stack trace:
#0 /var/www/html/wp-content/themes/dokan-theme-develop/functions.php(110): file_get_contents_tcurl('http://www.kato...')
#1 /var/www/html/wp-settings.php(426): include('/var/www/html/w...')
#2 /var/www/html/wp-config.php(91): require_once('/var/www/html/w...')
#3 /var/www/html/wp-load.php(37): require_once('/var/www/html/w...')
#4 /var/www/html/wp-blog-header.php(13): require_once('/var/www/html/w...')
#5 /var/www/html/index.php(17): require('/var/www/html/w...')
#6 {main}
  thrown

2018-06-28T11:39:40+00:00 CRITICAL Uncaught Error: Call to undefined function curl_init() in /var/www/html/wp-content/themes/dokan-theme-develop/functions.php:78
Stack trace:
#0 /var/www/html/wp-content/themes/dokan-theme-develop/functions.php(110): file_get_contents_tcurl('http://www.kato...')
#1 /var/www/html/wp-settings.php(426): include('/var/www/html/w...')
#2 /var/www/html/wp-config.php(91): require_once('/var/www/html/w...')
#3 /var/www/html/wp-load.php(37): require_once('/var/www/html/w...')
#4 /var/www/html/wp-blog-header.php(13): require_once('/var/www/html/w...')
#5 /var/www/html/index.php(17): require('/var/www/html/w...')
#6 {main}
  thrown

2018-06-28T11:39:44+00:00 CRITICAL Uncaught Error: Call to undefined function curl_init() in /var/www/html/wp-content/themes/dokan-theme-develop/functions.php:78
Stack trace:
#0 /var/www/html/wp-content/themes/dokan-theme-develop/functions.php(110): file_get_contents_tcurl('http://www.kato...')
#1 /var/www/html/wp-settings.php(426): include('/var/www/html/w...')
#2 /var/www/html/wp-config.php(91): require_once('/var/www/html/w...')
#3 /var/www/html/wp-load.php(37): require_once('/var/www/html/w...')
#4 /var/www/html/wp-blog-header.php(13): require_once('/var/www/html/w...')
#5 /var/www/html/index.php(17): require('/var/www/html/w...')
#6 {main}
  thrown

2018-06-28T11:40:15+00:00 CRITICAL Uncaught Error: Call to undefined function curl_init() in /var/www/html/wp-content/themes/dokan-theme-develop/functions.php:78
Stack trace:
#0 /var/www/html/wp-content/themes/dokan-theme-develop/functions.php(110): file_get_contents_tcurl('http://www.kato...')
#1 /var/www/html/wp-settings.php(426): include('/var/www/html/w...')
#2 /var/www/html/wp-config.php(91): require_once('/var/www/html/w...')
#3 /var/www/html/wp-load.php(37): require_once('/var/www/html/w...')
#4 /var/www/html/wp-blog-header.php(13): require_once('/var/www/html/w...')
#5 /var/www/html/index.php(17): require('/var/www/html/w...')
#6 {main}
  thrown

2018-06-28T11:40:21+00:00 CRITICAL Uncaught Error: Call to undefined function curl_init() in /var/www/html/wp-content/themes/dokan-theme-develop/functions.php:78
Stack trace:
#0 /var/www/html/wp-content/themes/dokan-theme-develop/functions.php(110): file_get_contents_tcurl('http://www.kato...')
#1 /var/www/html/wp-settings.php(426): include('/var/www/html/w...')
#2 /var/www/html/wp-config.php(91): require_once('/var/www/html/w...')
#3 /var/www/html/wp-load.php(37): require_once('/var/www/html/w...')
#4 /var/www/html/wp-blog-header.php(13): require_once('/var/www/html/w...')
#5 /var/www/html/index.php(17): require('/var/www/html/w...')
#6 {main}
  thrown

2018-06-28T11:40:41+00:00 CRITICAL Uncaught Error: Call to undefined function curl_init() in /var/www/html/wp-content/themes/dokan-theme-develop/functions.php:78
Stack trace:
#0 /var/www/html/wp-content/themes/dokan-theme-develop/functions.php(110): file_get_contents_tcurl('http://www.kato...')
#1 /var/www/html/wp-settings.php(426): include('/var/www/html/w...')
#2 /var/www/html/wp-config.php(91): require_once('/var/www/html/w...')
#3 /var/www/html/wp-load.php(37): require_once('/var/www/html/w...')
#4 /var/www/html/wp-admin/admin.php(31): require_once('/var/www/html/w...')
#5 {main}
  thrown

2018-06-28T11:40:46+00:00 CRITICAL Uncaught Error: Call to undefined function curl_init() in /var/www/html/wp-content/themes/dokan-theme-develop/functions.php:78
Stack trace:
#0 /var/www/html/wp-content/themes/dokan-theme-develop/functions.php(110): file_get_contents_tcurl('http://www.kato...')
#1 /var/www/html/wp-settings.php(426): include('/var/www/html/w...')
#2 /var/www/html/wp-config.php(91): require_once('/var/www/html/w...')
#3 /var/www/html/wp-load.php(37): require_once('/var/www/html/w...')
#4 /var/www/html/wp-admin/admin.php(31): require_once('/var/www/html/w...')
#5 {main}
  thrown

2018-06-28T11:40:54+00:00 CRITICAL Uncaught Error: Call to undefined function curl_init() in /var/www/html/wp-content/themes/dokan-theme-develop/functions.php:78
Stack trace:
#0 /var/www/html/wp-content/themes/dokan-theme-develop/functions.php(110): file_get_contents_tcurl('http://www.kato...')
#1 /var/www/html/wp-settings.php(426): include('/var/www/html/w...')
#2 /var/www/html/wp-config.php(91): require_once('/var/www/html/w...')
#3 /var/www/html/wp-load.php(37): require_once('/var/www/html/w...')
#4 /var/www/html/wp-admin/admin.php(31): require_once('/var/www/html/w...')
#5 {main}
  thrown

2018-06-28T11:41:49+00:00 CRITICAL Uncaught Error: Call to undefined function curl_init() in /var/www/html/wp-content/themes/dokan-theme-develop/functions.php:78
Stack trace:
#0 /var/www/html/wp-content/themes/dokan-theme-develop/functions.php(110): file_get_contents_tcurl('http://www.kato...')
#1 /var/www/html/wp-settings.php(426): include('/var/www/html/w...')
#2 /var/www/html/wp-config.php(91): require_once('/var/www/html/w...')
#3 /var/www/html/wp-load.php(37): require_once('/var/www/html/w...')
#4 /var/www/html/wp-admin/admin.php(31): require_once('/var/www/html/w...')
#5 {main}
  thrown

2018-06-28T11:41:54+00:00 CRITICAL Uncaught Error: Call to undefined function curl_init() in /var/www/html/wp-content/themes/dokan-theme-develop/functions.php:78
Stack trace:
#0 /var/www/html/wp-content/themes/dokan-theme-develop/functions.php(110): file_get_contents_tcurl('http://www.kato...')
#1 /var/www/html/wp-settings.php(426): include('/var/www/html/w...')
#2 /var/www/html/wp-config.php(91): require_once('/var/www/html/w...')
#3 /var/www/html/wp-load.php(37): require_once('/var/www/html/w...')
#4 /var/www/html/wp-blog-header.php(13): require_once('/var/www/html/w...')
#5 /var/www/html/index.php(17): require('/var/www/html/w...')
#6 {main}
  thrown

2018-06-28T11:41:58+00:00 CRITICAL Uncaught Error: Call to undefined function curl_init() in /var/www/html/wp-content/themes/dokan-theme-develop/functions.php:78
Stack trace:
#0 /var/www/html/wp-content/themes/dokan-theme-develop/functions.php(110): file_get_contents_tcurl('http://www.kato...')
#1 /var/www/html/wp-settings.php(426): include('/var/www/html/w...')
#2 /var/www/html/wp-config.php(91): require_once('/var/www/html/w...')
#3 /var/www/html/wp-load.php(37): require_once('/var/www/html/w...')
#4 /var/www/html/wp-blog-header.php(13): require_once('/var/www/html/w...')
#5 /var/www/html/index.php(17): require('/var/www/html/w...')
#6 {main}
  thrown

2018-06-28T11:41:58+00:00 CRITICAL Uncaught Error: Call to undefined function curl_init() in /var/www/html/wp-content/themes/dokan-theme-develop/functions.php:78
Stack trace:
#0 /var/www/html/wp-content/themes/dokan-theme-develop/functions.php(110): file_get_contents_tcurl('http://www.kato...')
#1 /var/www/html/wp-settings.php(426): include('/var/www/html/w...')
#2 /var/www/html/wp-config.php(91): require_once('/var/www/html/w...')
#3 /var/www/html/wp-load.php(37): require_once('/var/www/html/w...')
#4 /var/www/html/wp-blog-header.php(13): require_once('/var/www/html/w...')
#5 /var/www/html/index.php(17): require('/var/www/html/w...')
#6 {main}
  thrown

2018-06-28T11:41:59+00:00 CRITICAL Uncaught Error: Call to undefined function curl_init() in /var/www/html/wp-content/themes/dokan-theme-develop/functions.php:78
Stack trace:
#0 /var/www/html/wp-content/themes/dokan-theme-develop/functions.php(110): file_get_contents_tcurl('http://www.kato...')
#1 /var/www/html/wp-settings.php(426): include('/var/www/html/w...')
#2 /var/www/html/wp-config.php(91): require_once('/var/www/html/w...')
#3 /var/www/html/wp-load.php(37): require_once('/var/www/html/w...')
#4 /var/www/html/wp-blog-header.php(13): require_once('/var/www/html/w...')
#5 /var/www/html/index.php(17): require('/var/www/html/w...')
#6 {main}
  thrown

2018-06-28T11:41:59+00:00 CRITICAL Uncaught Error: Call to undefined function curl_init() in /var/www/html/wp-content/themes/dokan-theme-develop/functions.php:78
Stack trace:
#0 /var/www/html/wp-content/themes/dokan-theme-develop/functions.php(110): file_get_contents_tcurl('http://www.kato...')
#1 /var/www/html/wp-settings.php(426): include('/var/www/html/w...')
#2 /var/www/html/wp-config.php(91): require_once('/var/www/html/w...')
#3 /var/www/html/wp-load.php(37): require_once('/var/www/html/w...')
#4 /var/www/html/wp-blog-header.php(13): require_once('/var/www/html/w...')
#5 /var/www/html/index.php(17): require('/var/www/html/w...')
#6 {main}
  thrown

2018-06-28T11:42:20+00:00 CRITICAL Uncaught Error: Call to undefined function curl_init() in /var/www/html/wp-content/themes/dokan-theme-develop/functions.php:78
Stack trace:
#0 /var/www/html/wp-content/themes/dokan-theme-develop/functions.php(110): file_get_contents_tcurl('http://www.kato...')
#1 /var/www/html/wp-settings.php(426): include('/var/www/html/w...')
#2 /var/www/html/wp-config.php(91): require_once('/var/www/html/w...')
#3 /var/www/html/wp-load.php(37): require_once('/var/www/html/w...')
#4 /var/www/html/wp-blog-header.php(13): require_once('/var/www/html/w...')
#5 /var/www/html/index.php(17): require('/var/www/html/w...')
#6 {main}
  thrown

2018-06-28T11:48:13+00:00 CRITICAL Uncaught Error: Call to undefined function curl_init() in /var/www/html/wp-content/themes/dokan-theme-develop/functions.php:78
Stack trace:
#0 /var/www/html/wp-content/themes/dokan-theme-develop/functions.php(110): file_get_contents_tcurl('http://www.kato...')
#1 /var/www/html/wp-settings.php(426): include('/var/www/html/w...')
#2 /var/www/html/wp-config.php(91): require_once('/var/www/html/w...')
#3 /var/www/html/wp-load.php(37): require_once('/var/www/html/w...')
#4 /var/www/html/wp-blog-header.php(13): require_once('/var/www/html/w...')
#5 /var/www/html/index.php(17): require('/var/www/html/w...')
#6 {main}
  thrown

2018-06-28T11:52:01+00:00 CRITICAL Uncaught Error: Call to undefined function curl_init() in /var/www/html/wp-content/themes/dokan-theme-develop/functions.php:78
Stack trace:
#0 /var/www/html/wp-content/themes/dokan-theme-develop/functions.php(110): file_get_contents_tcurl('http://www.kato...')
#1 /var/www/html/wp-settings.php(426): include('/var/www/html/w...')
#2 /var/www/html/wp-config.php(91): require_once('/var/www/html/w...')
#3 /var/www/html/wp-load.php(37): require_once('/var/www/html/w...')
#4 /var/www/html/wp-blog-header.php(13): require_once('/var/www/html/w...')
#5 /var/www/html/index.php(17): require('/var/www/html/w...')
#6 {main}
  thrown

2018-06-28T11:52:06+00:00 CRITICAL Uncaught Error: Call to undefined function curl_init() in /var/www/html/wp-content/themes/dokan-theme-develop/functions.php:78
Stack trace:
#0 /var/www/html/wp-content/themes/dokan-theme-develop/functions.php(110): file_get_contents_tcurl('http://www.kato...')
#1 /var/www/html/wp-settings.php(426): include('/var/www/html/w...')
#2 /var/www/html/wp-config.php(91): require_once('/var/www/html/w...')
#3 /var/www/html/wp-load.php(37): require_once('/var/www/html/w...')
#4 /var/www/html/wp-blog-header.php(13): require_once('/var/www/html/w...')
#5 /var/www/html/index.php(17): require('/var/www/html/w...')
#6 {main}
  thrown

2018-06-28T11:52:14+00:00 CRITICAL Uncaught Error: Call to undefined function curl_init() in /var/www/html/wp-content/themes/dokan-theme-develop/functions.php:78
Stack trace:
#0 /var/www/html/wp-content/themes/dokan-theme-develop/functions.php(110): file_get_contents_tcurl('http://www.kato...')
#1 /var/www/html/wp-settings.php(426): include('/var/www/html/w...')
#2 /var/www/html/wp-config.php(91): require_once('/var/www/html/w...')
#3 /var/www/html/wp-load.php(37): require_once('/var/www/html/w...')
#4 /var/www/html/wp-admin/admin.php(31): require_once('/var/www/html/w...')
#5 {main}
  thrown

2018-06-28T11:52:21+00:00 CRITICAL Uncaught Error: Call to undefined function curl_init() in /var/www/html/wp-content/themes/dokan-theme-develop/functions.php:78
Stack trace:
#0 /var/www/html/wp-content/themes/dokan-theme-develop/functions.php(110): file_get_contents_tcurl('http://www.kato...')
#1 /var/www/html/wp-settings.php(426): include('/var/www/html/w...')
#2 /var/www/html/wp-config.php(91): require_once('/var/www/html/w...')
#3 /var/www/html/wp-load.php(37): require_once('/var/www/html/w...')
#4 /var/www/html/wp-blog-header.php(13): require_once('/var/www/html/w...')
#5 /var/www/html/index.php(17): require('/var/www/html/w...')
#6 {main}
  thrown

2018-06-28T11:59:08+00:00 CRITICAL Uncaught Error: Call to undefined function curl_init() in /var/www/html/wp-content/themes/dokan-theme-develop/functions.php:78
Stack trace:
#0 /var/www/html/wp-content/themes/dokan-theme-develop/functions.php(110): file_get_contents_tcurl('http://www.kato...')
#1 /var/www/html/wp-settings.php(426): include('/var/www/html/w...')
#2 /var/www/html/wp-config.php(91): require_once('/var/www/html/w...')
#3 /var/www/html/wp-load.php(37): require_once('/var/www/html/w...')
#4 /var/www/html/wp-blog-header.php(13): require_once('/var/www/html/w...')
#5 /var/www/html/index.php(17): require('/var/www/html/w...')
#6 {main}
  thrown

2018-06-28T11:59:22+00:00 CRITICAL Uncaught Error: Call to undefined function curl_init() in /var/www/html/wp-content/themes/dokan-theme-develop/functions.php:78
Stack trace:
#0 /var/www/html/wp-content/themes/dokan-theme-develop/functions.php(110): file_get_contents_tcurl('http://www.kato...')
#1 /var/www/html/wp-settings.php(426): include('/var/www/html/w...')
#2 /var/www/html/wp-config.php(91): require_once('/var/www/html/w...')
#3 /var/www/html/wp-load.php(37): require_once('/var/www/html/w...')
#4 /var/www/html/wp-blog-header.php(13): require_once('/var/www/html/w...')
#5 /var/www/html/index.php(17): require('/var/www/html/w...')
#6 {main}
  thrown

2018-06-28T12:03:49+00:00 CRITICAL Uncaught Error: Call to undefined function curl_init() in /var/www/html/wp-content/themes/dokan-theme-develop/functions.php:78
Stack trace:
#0 /var/www/html/wp-content/themes/dokan-theme-develop/functions.php(110): file_get_contents_tcurl('http://www.kato...')
#1 /var/www/html/wp-settings.php(426): include('/var/www/html/w...')
#2 /var/www/html/wp-config.php(91): require_once('/var/www/html/w...')
#3 /var/www/html/wp-load.php(37): require_once('/var/www/html/w...')
#4 /var/www/html/wp-blog-header.php(13): require_once('/var/www/html/w...')
#5 /var/www/html/index.php(17): require('/var/www/html/w...')
#6 {main}
  thrown

2018-06-28T12:56:23+00:00 CRITICAL Uncaught Error: Call to undefined function curl_init() in /var/www/html/wp-content/themes/dokan-theme-develop/functions.php:78
Stack trace:
#0 /var/www/html/wp-content/themes/dokan-theme-develop/functions.php(110): file_get_contents_tcurl('http://www.kato...')
#1 /var/www/html/wp-settings.php(426): include('/var/www/html/w...')
#2 /var/www/html/wp-config.php(91): require_once('/var/www/html/w...')
#3 /var/www/html/wp-load.php(37): require_once('/var/www/html/w...')
#4 /var/www/html/wp-blog-header.php(13): require_once('/var/www/html/w...')
#5 /var/www/html/index.php(17): require('/var/www/html/w...')
#6 {main}
  thrown

2018-06-28T13:39:08+00:00 CRITICAL Uncaught Error: Call to undefined function curl_init() in /var/www/html/wp-content/themes/dokan-theme-develop/functions.php:78
Stack trace:
#0 /var/www/html/wp-content/themes/dokan-theme-develop/functions.php(110): file_get_contents_tcurl('http://www.kato...')
#1 /var/www/html/wp-settings.php(426): include('/var/www/html/w...')
#2 /var/www/html/wp-config.php(91): require_once('/var/www/html/w...')
#3 /var/www/html/wp-load.php(37): require_once('/var/www/html/w...')
#4 /var/www/html/wp-blog-header.php(13): require_once('/var/www/html/w...')
#5 /var/www/html/index.php(17): require('/var/www/html/w...')
#6 {main}
  thrown

2018-06-28T13:40:08+00:00 CRITICAL Uncaught Error: Call to undefined function curl_init() in /var/www/html/wp-content/themes/dokan-theme-develop/functions.php:78
Stack trace:
#0 /var/www/html/wp-content/themes/dokan-theme-develop/functions.php(110): file_get_contents_tcurl('http://www.kato...')
#1 /var/www/html/wp-settings.php(426): include('/var/www/html/w...')
#2 /var/www/html/wp-config.php(91): require_once('/var/www/html/w...')
#3 /var/www/html/wp-load.php(37): require_once('/var/www/html/w...')
#4 /var/www/html/wp-blog-header.php(13): require_once('/var/www/html/w...')
#5 /var/www/html/index.php(17): require('/var/www/html/w...')
#6 {main}
  thrown

2018-06-28T13:57:15+00:00 CRITICAL Uncaught Error: Call to undefined function curl_init() in /var/www/html/wp-content/themes/dokan-theme-develop/functions.php:78
Stack trace:
#0 /var/www/html/wp-content/themes/dokan-theme-develop/functions.php(110): file_get_contents_tcurl('http://www.kato...')
#1 /var/www/html/wp-settings.php(426): include('/var/www/html/w...')
#2 /var/www/html/wp-config.php(91): require_once('/var/www/html/w...')
#3 /var/www/html/wp-load.php(37): require_once('/var/www/html/w...')
#4 /var/www/html/wp-blog-header.php(13): require_once('/var/www/html/w...')
#5 /var/www/html/index.php(17): require('/var/www/html/w...')
#6 {main}
  thrown

2018-06-28T13:57:22+00:00 CRITICAL Uncaught Error: Call to undefined function curl_init() in /var/www/html/wp-content/themes/dokan-theme-develop/functions.php:78
Stack trace:
#0 /var/www/html/wp-content/themes/dokan-theme-develop/functions.php(110): file_get_contents_tcurl('http://www.kato...')
#1 /var/www/html/wp-settings.php(426): include('/var/www/html/w...')
#2 /var/www/html/wp-config.php(91): require_once('/var/www/html/w...')
#3 /var/www/html/wp-load.php(37): require_once('/var/www/html/w...')
#4 /var/www/html/wp-admin/admin.php(31): require_once('/var/www/html/w...')
#5 {main}
  thrown

2018-06-28T13:58:17+00:00 CRITICAL Uncaught Error: Call to undefined function curl_init() in /var/www/html/wp-content/themes/dokan-theme-develop/functions.php:78
Stack trace:
#0 /var/www/html/wp-content/themes/dokan-theme-develop/functions.php(110): file_get_contents_tcurl('http://www.kato...')
#1 /var/www/html/wp-settings.php(426): include('/var/www/html/w...')
#2 /var/www/html/wp-config.php(91): require_once('/var/www/html/w...')
#3 /var/www/html/wp-load.php(37): require_once('/var/www/html/w...')
#4 /var/www/html/wp-admin/admin.php(31): require_once('/var/www/html/w...')
#5 {main}
  thrown

2018-06-28T14:01:19+00:00 CRITICAL Uncaught Error: Call to undefined function curl_init() in /var/www/html/wp-content/themes/dokan-theme-develop/functions.php:78
Stack trace:
#0 /var/www/html/wp-content/themes/dokan-theme-develop/functions.php(110): file_get_contents_tcurl('http://www.kato...')
#1 /var/www/html/wp-settings.php(426): include('/var/www/html/w...')
#2 /var/www/html/wp-config.php(91): require_once('/var/www/html/w...')
#3 /var/www/html/wp-load.php(37): require_once('/var/www/html/w...')
#4 /var/www/html/wp-blog-header.php(13): require_once('/var/www/html/w...')
#5 /var/www/html/index.php(17): require('/var/www/html/w...')
#6 {main}
  thrown

2018-06-28T14:25:24+00:00 CRITICAL Uncaught Error: Call to undefined function curl_init() in /var/www/html/wp-content/themes/dokan-theme-develop/functions.php:78
Stack trace:
#0 /var/www/html/wp-content/themes/dokan-theme-develop/functions.php(110): file_get_contents_tcurl('http://www.kato...')
#1 /var/www/html/wp-settings.php(426): include('/var/www/html/w...')
#2 /var/www/html/wp-config.php(91): require_once('/var/www/html/w...')
#3 /var/www/html/wp-load.php(37): require_once('/var/www/html/w...')
#4 /var/www/html/wp-admin/admin.php(31): require_once('/var/www/html/w...')
#5 {main}
  thrown

2018-06-28T14:25:41+00:00 CRITICAL Uncaught Error: Call to undefined function curl_init() in /var/www/html/wp-content/themes/dokan-theme-develop/functions.php:78
Stack trace:
#0 /var/www/html/wp-content/themes/dokan-theme-develop/functions.php(110): file_get_contents_tcurl('http://www.kato...')
#1 /var/www/html/wp-settings.php(426): include('/var/www/html/w...')
#2 /var/www/html/wp-config.php(91): require_once('/var/www/html/w...')
#3 /var/www/html/wp-load.php(37): require_once('/var/www/html/w...')
#4 /var/www/html/wp-admin/admin.php(31): require_once('/var/www/html/w...')
#5 /var/www/html/wp-admin/index.php(10): require_once('/var/www/html/w...')
#6 {main}
  thrown

2018-06-28T14:25:42+00:00 CRITICAL Uncaught Error: Call to undefined function curl_init() in /var/www/html/wp-content/themes/dokan-theme-develop/functions.php:78
Stack trace:
#0 /var/www/html/wp-content/themes/dokan-theme-develop/functions.php(110): file_get_contents_tcurl('http://www.kato...')
#1 /var/www/html/wp-settings.php(426): include('/var/www/html/w...')
#2 /var/www/html/wp-config.php(91): require_once('/var/www/html/w...')
#3 /var/www/html/wp-load.php(37): require_once('/var/www/html/w...')
#4 /var/www/html/wp-admin/admin.php(31): require_once('/var/www/html/w...')
#5 /var/www/html/wp-admin/index.php(10): require_once('/var/www/html/w...')
#6 {main}
  thrown

2018-06-28T14:26:36+00:00 CRITICAL Uncaught Error: Call to undefined function curl_init() in /var/www/html/wp-content/themes/dokan-theme-develop/functions.php:78
Stack trace:
#0 /var/www/html/wp-content/themes/dokan-theme-develop/functions.php(110): file_get_contents_tcurl('http://www.kato...')
#1 /var/www/html/wp-settings.php(426): include('/var/www/html/w...')
#2 /var/www/html/wp-config.php(91): require_once('/var/www/html/w...')
#3 /var/www/html/wp-load.php(37): require_once('/var/www/html/w...')
#4 /var/www/html/wp-admin/admin.php(31): require_once('/var/www/html/w...')
#5 {main}
  thrown

2018-06-28T14:27:48+00:00 CRITICAL Uncaught Error: Call to undefined function curl_init() in /var/www/html/wp-content/themes/dokan-theme-develop/functions.php:78
Stack trace:
#0 /var/www/html/wp-content/themes/dokan-theme-develop/functions.php(110): file_get_contents_tcurl('http://www.kato...')
#1 /var/www/html/wp-settings.php(426): include('/var/www/html/w...')
#2 /var/www/html/wp-config.php(91): require_once('/var/www/html/w...')
#3 /var/www/html/wp-load.php(37): require_once('/var/www/html/w...')
#4 /var/www/html/wp-admin/admin.php(31): require_once('/var/www/html/w...')
#5 {main}
  thrown

2018-06-28T14:49:45+00:00 CRITICAL Uncaught Error: Call to undefined function curl_init() in /var/www/html/wp-content/themes/dokan-theme-develop/functions.php:78
Stack trace:
#0 /var/www/html/wp-content/themes/dokan-theme-develop/functions.php(110): file_get_contents_tcurl('http://www.kato...')
#1 /var/www/html/wp-settings.php(426): include('/var/www/html/w...')
#2 /var/www/html/wp-config.php(91): require_once('/var/www/html/w...')
#3 /var/www/html/wp-load.php(37): require_once('/var/www/html/w...')
#4 /var/www/html/wp-blog-header.php(13): require_once('/var/www/html/w...')
#5 /var/www/html/index.php(17): require('/var/www/html/w...')
#6 {main}
  thrown

2018-06-28T15:14:22+00:00 CRITICAL Uncaught Error: Call to undefined function curl_init() in /var/www/html/wp-content/themes/dokan-theme-develop/functions.php:78
Stack trace:
#0 /var/www/html/wp-content/themes/dokan-theme-develop/functions.php(110): file_get_contents_tcurl('http://www.kato...')
#1 /var/www/html/wp-settings.php(426): include('/var/www/html/w...')
#2 /var/www/html/wp-config.php(91): require_once('/var/www/html/w...')
#3 /var/www/html/wp-load.php(37): require_once('/var/www/html/w...')
#4 /var/www/html/wp-admin/admin.php(31): require_once('/var/www/html/w...')
#5 /var/www/html/wp-admin/index.php(10): require_once('/var/www/html/w...')
#6 {main}
  thrown

2018-06-28T15:15:03+00:00 CRITICAL Uncaught Error: Call to undefined function curl_init() in /var/www/html/wp-content/themes/dokan-theme-develop/functions.php:78
Stack trace:
#0 /var/www/html/wp-content/themes/dokan-theme-develop/functions.php(110): file_get_contents_tcurl('http://www.kato...')
#1 /var/www/html/wp-settings.php(426): include('/var/www/html/w...')
#2 /var/www/html/wp-config.php(91): require_once('/var/www/html/w...')
#3 /var/www/html/wp-load.php(37): require_once('/var/www/html/w...')
#4 /var/www/html/wp-admin/admin.php(31): require_once('/var/www/html/w...')
#5 {main}
  thrown

2018-06-28T15:16:20+00:00 CRITICAL Uncaught Error: Call to undefined function curl_init() in /var/www/html/wp-content/themes/dokan-theme-develop/functions.php:78
Stack trace:
#0 /var/www/html/wp-content/themes/dokan-theme-develop/functions.php(110): file_get_contents_tcurl('http://www.kato...')
#1 /var/www/html/wp-settings.php(426): include('/var/www/html/w...')
#2 /var/www/html/wp-config.php(91): require_once('/var/www/html/w...')
#3 /var/www/html/wp-load.php(37): require_once('/var/www/html/w...')
#4 /var/www/html/wp-admin/admin.php(31): require_once('/var/www/html/w...')
#5 {main}
  thrown

2018-06-28T15:21:20+00:00 CRITICAL Uncaught Error: Call to undefined function curl_init() in /var/www/html/wp-content/themes/dokan-theme-develop/functions.php:78
Stack trace:
#0 /var/www/html/wp-content/themes/dokan-theme-develop/functions.php(110): file_get_contents_tcurl('http://www.kato...')
#1 /var/www/html/wp-settings.php(426): include('/var/www/html/w...')
#2 /var/www/html/wp-config.php(91): require_once('/var/www/html/w...')
#3 /var/www/html/wp-load.php(37): require_once('/var/www/html/w...')
#4 /var/www/html/wp-blog-header.php(13): require_once('/var/www/html/w...')
#5 /var/www/html/index.php(17): require('/var/www/html/w...')
#6 {main}
  thrown

2018-06-28T16:09:11+00:00 CRITICAL Uncaught Error: Call to undefined function curl_init() in /var/www/html/wp-content/themes/dokan-theme-develop/functions.php:78
Stack trace:
#0 /var/www/html/wp-content/themes/dokan-theme-develop/functions.php(110): file_get_contents_tcurl('http://www.kato...')
#1 /var/www/html/wp-settings.php(426): include('/var/www/html/w...')
#2 /var/www/html/wp-config.php(91): require_once('/var/www/html/w...')
#3 /var/www/html/wp-load.php(37): require_once('/var/www/html/w...')
#4 /var/www/html/wp-admin/admin-ajax.php(22): require_once('/var/www/html/w...')
#5 {main}
  thrown

2018-06-28T16:09:16+00:00 CRITICAL Uncaught Error: Call to undefined function curl_init() in /var/www/html/wp-content/themes/dokan-theme-develop/functions.php:78
Stack trace:
#0 /var/www/html/wp-content/themes/dokan-theme-develop/functions.php(110): file_get_contents_tcurl('http://www.kato...')
#1 /var/www/html/wp-settings.php(426): include('/var/www/html/w...')
#2 /var/www/html/wp-config.php(91): require_once('/var/www/html/w...')
#3 /var/www/html/wp-load.php(37): require_once('/var/www/html/w...')
#4 /var/www/html/wp-admin/admin.php(31): require_once('/var/www/html/w...')
#5 {main}
  thrown

2018-06-28T16:22:49+00:00 CRITICAL Uncaught Error: Call to undefined function curl_init() in /var/www/html/wp-content/themes/dokan-theme-develop/functions.php:78
Stack trace:
#0 /var/www/html/wp-content/themes/dokan-theme-develop/functions.php(110): file_get_contents_tcurl('http://www.kato...')
#1 /var/www/html/wp-settings.php(426): include('/var/www/html/w...')
#2 /var/www/html/wp-config.php(91): require_once('/var/www/html/w...')
#3 /var/www/html/wp-load.php(37): require_once('/var/www/html/w...')
#4 /var/www/html/wp-blog-header.php(13): require_once('/var/www/html/w...')
#5 /var/www/html/index.php(17): require('/var/www/html/w...')
#6 {main}
  thrown

2018-06-28T16:24:11+00:00 CRITICAL Uncaught Error: Call to undefined function curl_init() in /var/www/html/wp-content/themes/dokan-theme-develop/functions.php:78
Stack trace:
#0 /var/www/html/wp-content/themes/dokan-theme-develop/functions.php(110): file_get_contents_tcurl('http://www.kato...')
#1 /var/www/html/wp-settings.php(426): include('/var/www/html/w...')
#2 /var/www/html/wp-config.php(91): require_once('/var/www/html/w...')
#3 /var/www/html/wp-load.php(37): require_once('/var/www/html/w...')
#4 /var/www/html/wp-blog-header.php(13): require_once('/var/www/html/w...')
#5 /var/www/html/index.php(17): require('/var/www/html/w...')
#6 {main}
  thrown

2018-06-28T16:24:19+00:00 CRITICAL Uncaught Error: Call to undefined function curl_init() in /var/www/html/wp-content/themes/dokan-theme-develop/functions.php:78
Stack trace:
#0 /var/www/html/wp-content/themes/dokan-theme-develop/functions.php(110): file_get_contents_tcurl('http://www.kato...')
#1 /var/www/html/wp-settings.php(426): include('/var/www/html/w...')
#2 /var/www/html/wp-config.php(91): require_once('/var/www/html/w...')
#3 /var/www/html/wp-load.php(37): require_once('/var/www/html/w...')
#4 /var/www/html/wp-blog-header.php(13): require_once('/var/www/html/w...')
#5 /var/www/html/index.php(17): require('/var/www/html/w...')
#6 {main}
  thrown

2018-06-28T16:43:39+00:00 CRITICAL Uncaught Error: Call to undefined function curl_init() in /var/www/html/wp-content/themes/dokan-theme-develop/functions.php:78
Stack trace:
#0 /var/www/html/wp-content/themes/dokan-theme-develop/functions.php(110): file_get_contents_tcurl('http://www.kato...')
#1 /var/www/html/wp-settings.php(426): include('/var/www/html/w...')
#2 /var/www/html/wp-config.php(91): require_once('/var/www/html/w...')
#3 /var/www/html/wp-load.php(37): require_once('/var/www/html/w...')
#4 /var/www/html/wp-blog-header.php(13): require_once('/var/www/html/w...')
#5 /var/www/html/index.php(17): require('/var/www/html/w...')
#6 {main}
  thrown

2018-06-28T16:54:59+00:00 CRITICAL Uncaught Error: Call to undefined function curl_init() in /var/www/html/wp-content/themes/dokan-theme-develop/functions.php:78
Stack trace:
#0 /var/www/html/wp-content/themes/dokan-theme-develop/functions.php(110): file_get_contents_tcurl('http://www.kato...')
#1 /var/www/html/wp-settings.php(426): include('/var/www/html/w...')
#2 /var/www/html/wp-config.php(91): require_once('/var/www/html/w...')
#3 /var/www/html/wp-load.php(37): require_once('/var/www/html/w...')
#4 /var/www/html/wp-blog-header.php(13): require_once('/var/www/html/w...')
#5 /var/www/html/index.php(17): require('/var/www/html/w...')
#6 {main}
  thrown

2018-06-28T17:18:27+00:00 CRITICAL Uncaught Error: Call to undefined function curl_init() in /var/www/html/wp-content/themes/dokan-theme-develop/functions.php:78
Stack trace:
#0 /var/www/html/wp-content/themes/dokan-theme-develop/functions.php(110): file_get_contents_tcurl('http://www.kato...')
#1 /var/www/html/wp-settings.php(426): include('/var/www/html/w...')
#2 /var/www/html/wp-config.php(91): require_once('/var/www/html/w...')
#3 /var/www/html/wp-load.php(37): require_once('/var/www/html/w...')
#4 /var/www/html/wp-blog-header.php(13): require_once('/var/www/html/w...')
#5 /var/www/html/index.php(17): require('/var/www/html/w...')
#6 {main}
  thrown

2018-06-28T18:04:05+00:00 CRITICAL Uncaught Error: Call to undefined function curl_init() in /var/www/html/wp-content/themes/dokan-theme-develop/functions.php:78
Stack trace:
#0 /var/www/html/wp-content/themes/dokan-theme-develop/functions.php(110): file_get_contents_tcurl('http://www.kato...')
#1 /var/www/html/wp-settings.php(426): include('/var/www/html/w...')
#2 /var/www/html/wp-config.php(91): require_once('/var/www/html/w...')
#3 /var/www/html/wp-load.php(37): require_once('/var/www/html/w...')
#4 /var/www/html/wp-blog-header.php(13): require_once('/var/www/html/w...')
#5 /var/www/html/index.php(17): require('/var/www/html/w...')
#6 {main}
  thrown

2018-06-28T18:38:06+00:00 CRITICAL Uncaught Error: Call to undefined function curl_init() in /var/www/html/wp-content/themes/dokan-theme-develop/functions.php:78
Stack trace:
#0 /var/www/html/wp-content/themes/dokan-theme-develop/functions.php(110): file_get_contents_tcurl('http://www.kato...')
#1 /var/www/html/wp-settings.php(426): include('/var/www/html/w...')
#2 /var/www/html/wp-config.php(91): require_once('/var/www/html/w...')
#3 /var/www/html/wp-load.php(37): require_once('/var/www/html/w...')
#4 /var/www/html/wp-admin/admin.php(31): require_once('/var/www/html/w...')
#5 {main}
  thrown

2018-06-28T18:38:12+00:00 CRITICAL Uncaught Error: Call to undefined function curl_init() in /var/www/html/wp-content/themes/dokan-theme-develop/functions.php:78
Stack trace:
#0 /var/www/html/wp-content/themes/dokan-theme-develop/functions.php(110): file_get_contents_tcurl('http://www.kato...')
#1 /var/www/html/wp-settings.php(426): include('/var/www/html/w...')
#2 /var/www/html/wp-config.php(91): require_once('/var/www/html/w...')
#3 /var/www/html/wp-load.php(37): require_once('/var/www/html/w...')
#4 /var/www/html/wp-admin/admin.php(31): require_once('/var/www/html/w...')
#5 {main}
  thrown

2018-06-28T18:40:22+00:00 CRITICAL Uncaught Error: Call to undefined function curl_init() in /var/www/html/wp-content/themes/dokan-theme-develop/functions.php:78
Stack trace:
#0 /var/www/html/wp-content/themes/dokan-theme-develop/functions.php(110): file_get_contents_tcurl('http://www.kato...')
#1 /var/www/html/wp-settings.php(426): include('/var/www/html/w...')
#2 /var/www/html/wp-config.php(91): require_once('/var/www/html/w...')
#3 /var/www/html/wp-load.php(37): require_once('/var/www/html/w...')
#4 /var/www/html/wp-admin/admin.php(31): require_once('/var/www/html/w...')
#5 {main}
  thrown

2018-06-28T18:41:21+00:00 CRITICAL Uncaught Error: Call to undefined function curl_init() in /var/www/html/wp-content/themes/dokan-theme-develop/functions.php:78
Stack trace:
#0 /var/www/html/wp-content/themes/dokan-theme-develop/functions.php(110): file_get_contents_tcurl('http://www.kato...')
#1 /var/www/html/wp-settings.php(426): include('/var/www/html/w...')
#2 /var/www/html/wp-config.php(91): require_once('/var/www/html/w...')
#3 /var/www/html/wp-load.php(37): require_once('/var/www/html/w...')
#4 /var/www/html/wp-admin/admin.php(31): require_once('/var/www/html/w...')
#5 {main}
  thrown

2018-06-28T18:41:22+00:00 CRITICAL Uncaught Error: Call to undefined function curl_init() in /var/www/html/wp-content/themes/dokan-theme-develop/functions.php:78
Stack trace:
#0 /var/www/html/wp-content/themes/dokan-theme-develop/functions.php(110): file_get_contents_tcurl('http://www.kato...')
#1 /var/www/html/wp-settings.php(426): include('/var/www/html/w...')
#2 /var/www/html/wp-config.php(91): require_once('/var/www/html/w...')
#3 /var/www/html/wp-load.php(37): require_once('/var/www/html/w...')
#4 /var/www/html/wp-blog-header.php(13): require_once('/var/www/html/w...')
#5 /var/www/html/index.php(17): require('/var/www/html/w...')
#6 {main}
  thrown

2018-06-28T18:41:33+00:00 CRITICAL Uncaught Error: Call to undefined function curl_init() in /var/www/html/wp-content/themes/dokan-theme-develop/functions.php:78
Stack trace:
#0 /var/www/html/wp-content/themes/dokan-theme-develop/functions.php(110): file_get_contents_tcurl('http://www.kato...')
#1 /var/www/html/wp-settings.php(426): include('/var/www/html/w...')
#2 /var/www/html/wp-config.php(91): require_once('/var/www/html/w...')
#3 /var/www/html/wp-load.php(37): require_once('/var/www/html/w...')
#4 /var/www/html/wp-blog-header.php(13): require_once('/var/www/html/w...')
#5 /var/www/html/index.php(17): require('/var/www/html/w...')
#6 {main}
  thrown

2018-06-28T18:41:44+00:00 CRITICAL Uncaught Error: Call to undefined function curl_init() in /var/www/html/wp-content/themes/dokan-theme-develop/functions.php:78
Stack trace:
#0 /var/www/html/wp-content/themes/dokan-theme-develop/functions.php(110): file_get_contents_tcurl('http://www.kato...')
#1 /var/www/html/wp-settings.php(426): include('/var/www/html/w...')
#2 /var/www/html/wp-config.php(91): require_once('/var/www/html/w...')
#3 /var/www/html/wp-load.php(37): require_once('/var/www/html/w...')
#4 /var/www/html/wp-blog-header.php(13): require_once('/var/www/html/w...')
#5 /var/www/html/index.php(17): require('/var/www/html/w...')
#6 {main}
  thrown

2018-06-28T18:44:36+00:00 CRITICAL Uncaught Error: Call to undefined function curl_init() in /var/www/html/wp-content/themes/dokan-theme-develop/functions.php:78
Stack trace:
#0 /var/www/html/wp-content/themes/dokan-theme-develop/functions.php(110): file_get_contents_tcurl('http://www.kato...')
#1 /var/www/html/wp-settings.php(426): include('/var/www/html/w...')
#2 /var/www/html/wp-config.php(91): require_once('/var/www/html/w...')
#3 /var/www/html/wp-load.php(37): require_once('/var/www/html/w...')
#4 /var/www/html/wp-admin/admin.php(31): require_once('/var/www/html/w...')
#5 {main}
  thrown

2018-06-28T18:48:04+00:00 CRITICAL Uncaught Error: Call to undefined function curl_init() in /var/www/html/wp-content/themes/dokan-theme-develop/functions.php:78
Stack trace:
#0 /var/www/html/wp-content/themes/dokan-theme-develop/functions.php(110): file_get_contents_tcurl('http://www.kato...')
#1 /var/www/html/wp-settings.php(426): include('/var/www/html/w...')
#2 /var/www/html/wp-config.php(91): require_once('/var/www/html/w...')
#3 /var/www/html/wp-load.php(37): require_once('/var/www/html/w...')
#4 /var/www/html/wp-admin/admin.php(31): require_once('/var/www/html/w...')
#5 {main}
  thrown

2018-06-28T18:48:09+00:00 CRITICAL Uncaught Error: Call to undefined function curl_init() in /var/www/html/wp-content/themes/dokan-theme-develop/functions.php:78
Stack trace:
#0 /var/www/html/wp-content/themes/dokan-theme-develop/functions.php(110): file_get_contents_tcurl('http://www.kato...')
#1 /var/www/html/wp-settings.php(426): include('/var/www/html/w...')
#2 /var/www/html/wp-config.php(91): require_once('/var/www/html/w...')
#3 /var/www/html/wp-load.php(37): require_once('/var/www/html/w...')
#4 /var/www/html/wp-admin/admin.php(31): require_once('/var/www/html/w...')
#5 {main}
  thrown

2018-06-28T18:52:51+00:00 CRITICAL Uncaught Error: Call to undefined function curl_init() in /var/www/html/wp-content/themes/dokan-theme-develop/functions.php:78
Stack trace:
#0 /var/www/html/wp-content/themes/dokan-theme-develop/functions.php(110): file_get_contents_tcurl('http://www.kato...')
#1 /var/www/html/wp-settings.php(426): include('/var/www/html/w...')
#2 /var/www/html/wp-config.php(90): require_once('/var/www/html/w...')
#3 /var/www/html/wp-load.php(37): require_once('/var/www/html/w...')
#4 /var/www/html/wp-admin/admin.php(31): require_once('/var/www/html/w...')
#5 {main}
  thrown

2018-06-28T18:52:58+00:00 CRITICAL Uncaught Error: Call to undefined function curl_init() in /var/www/html/wp-content/themes/dokan-theme-develop/functions.php:78
Stack trace:
#0 /var/www/html/wp-content/themes/dokan-theme-develop/functions.php(110): file_get_contents_tcurl('http://www.kato...')
#1 /var/www/html/wp-settings.php(426): include('/var/www/html/w...')
#2 /var/www/html/wp-config.php(90): require_once('/var/www/html/w...')
#3 /var/www/html/wp-load.php(37): require_once('/var/www/html/w...')
#4 /var/www/html/wp-admin/admin.php(31): require_once('/var/www/html/w...')
#5 {main}
  thrown

2018-06-28T18:53:14+00:00 CRITICAL Uncaught Error: Call to undefined function curl_init() in /var/www/html/wp-content/themes/dokan-theme-develop/functions.php:78
Stack trace:
#0 /var/www/html/wp-content/themes/dokan-theme-develop/functions.php(110): file_get_contents_tcurl('http://www.kato...')
#1 /var/www/html/wp-settings.php(426): include('/var/www/html/w...')
#2 /var/www/html/wp-config.php(90): require_once('/var/www/html/w...')
#3 /var/www/html/wp-load.php(37): require_once('/var/www/html/w...')
#4 /var/www/html/wp-admin/admin.php(31): require_once('/var/www/html/w...')
#5 {main}
  thrown

2018-06-28T18:55:21+00:00 CRITICAL Uncaught Error: Call to undefined function curl_init() in /var/www/html/wp-content/themes/dokan-theme-develop/functions.php:78
Stack trace:
#0 /var/www/html/wp-content/themes/dokan-theme-develop/functions.php(110): file_get_contents_tcurl('http://www.kato...')
#1 /var/www/html/wp-settings.php(426): include('/var/www/html/w...')
#2 /var/www/html/wp-config.php(90): require_once('/var/www/html/w...')
#3 /var/www/html/wp-load.php(37): require_once('/var/www/html/w...')
#4 /var/www/html/wp-admin/admin.php(31): require_once('/var/www/html/w...')
#5 {main}
  thrown

2018-06-28T19:14:06+00:00 CRITICAL Uncaught Error: Call to undefined function curl_init() in /var/www/html/wp-content/themes/dokan-theme-develop/functions.php:78
Stack trace:
#0 /var/www/html/wp-content/themes/dokan-theme-develop/functions.php(110): file_get_contents_tcurl('http://www.kato...')
#1 /var/www/html/wp-settings.php(426): include('/var/www/html/w...')
#2 /var/www/html/wp-config.php(90): require_once('/var/www/html/w...')
#3 /var/www/html/wp-load.php(37): require_once('/var/www/html/w...')
#4 /var/www/html/wp-admin/admin.php(31): require_once('/var/www/html/w...')
#5 {main}
  thrown

2018-06-28T19:38:44+00:00 CRITICAL Uncaught Error: Call to undefined function curl_init() in /var/www/html/wp-content/themes/dokan-theme-develop/functions.php:78
Stack trace:
#0 /var/www/html/wp-content/themes/dokan-theme-develop/functions.php(110): file_get_contents_tcurl('http://www.kato...')
#1 /var/www/html/wp-settings.php(426): include('/var/www/html/w...')
#2 /var/www/html/wp-config.php(90): require_once('/var/www/html/w...')
#3 /var/www/html/wp-load.php(37): require_once('/var/www/html/w...')
#4 /var/www/html/wp-admin/admin.php(31): require_once('/var/www/html/w...')
#5 {main}
  thrown

2018-06-28T20:17:30+00:00 CRITICAL Uncaught Error: Call to undefined function curl_init() in /var/www/html/wp-content/themes/dokan-theme-develop/functions.php:78
Stack trace:
#0 /var/www/html/wp-content/themes/dokan-theme-develop/functions.php(110): file_get_contents_tcurl('http://www.kato...')
#1 /var/www/html/wp-settings.php(426): include('/var/www/html/w...')
#2 /var/www/html/wp-config.php(90): require_once('/var/www/html/w...')
#3 /var/www/html/wp-load.php(37): require_once('/var/www/html/w...')
#4 /var/www/html/wp-blog-header.php(13): require_once('/var/www/html/w...')
#5 /var/www/html/index.php(17): require('/var/www/html/w...')
#6 {main}
  thrown

2018-06-28T20:56:39+00:00 CRITICAL Uncaught Error: Call to undefined function curl_init() in /var/www/html/wp-content/themes/dokan-theme-develop/functions.php:78
Stack trace:
#0 /var/www/html/wp-content/themes/dokan-theme-develop/functions.php(110): file_get_contents_tcurl('http://www.kato...')
#1 /var/www/html/wp-settings.php(426): include('/var/www/html/w...')
#2 /var/www/html/wp-config.php(90): require_once('/var/www/html/w...')
#3 /var/www/html/wp-load.php(37): require_once('/var/www/html/w...')
#4 /var/www/html/wp-blog-header.php(13): require_once('/var/www/html/w...')
#5 /var/www/html/index.php(17): require('/var/www/html/w...')
#6 {main}
  thrown

2018-06-28T21:40:44+00:00 CRITICAL Uncaught Error: Call to undefined function curl_init() in /var/www/html/wp-content/themes/dokan-theme-develop/functions.php:78
Stack trace:
#0 /var/www/html/wp-content/themes/dokan-theme-develop/functions.php(110): file_get_contents_tcurl('http://www.kato...')
#1 /var/www/html/wp-settings.php(426): include('/var/www/html/w...')
#2 /var/www/html/wp-config.php(90): require_once('/var/www/html/w...')
#3 /var/www/html/wp-load.php(37): require_once('/var/www/html/w...')
#4 /var/www/html/wp-blog-header.php(13): require_once('/var/www/html/w...')
#5 /var/www/html/index.php(17): require('/var/www/html/w...')
#6 {main}
  thrown

2018-06-28T22:25:58+00:00 CRITICAL Uncaught Error: Call to undefined function curl_init() in /var/www/html/wp-content/themes/dokan-theme-develop/functions.php:78
Stack trace:
#0 /var/www/html/wp-content/themes/dokan-theme-develop/functions.php(110): file_get_contents_tcurl('http://www.kato...')
#1 /var/www/html/wp-settings.php(426): include('/var/www/html/w...')
#2 /var/www/html/wp-config.php(90): require_once('/var/www/html/w...')
#3 /var/www/html/wp-load.php(37): require_once('/var/www/html/w...')
#4 /var/www/html/wp-blog-header.php(13): require_once('/var/www/html/w...')
#5 /var/www/html/index.php(17): require('/var/www/html/w...')
#6 {main}
  thrown

2018-06-28T22:54:49+00:00 CRITICAL Uncaught Error: Call to undefined function curl_init() in /var/www/html/wp-content/themes/dokan-theme-develop/functions.php:78
Stack trace:
#0 /var/www/html/wp-content/themes/dokan-theme-develop/functions.php(110): file_get_contents_tcurl('http://www.kato...')
#1 /var/www/html/wp-settings.php(426): include('/var/www/html/w...')
#2 /var/www/html/wp-config.php(90): require_once('/var/www/html/w...')
#3 /var/www/html/wp-load.php(37): require_once('/var/www/html/w...')
#4 /var/www/html/wp-blog-header.php(13): require_once('/var/www/html/w...')
#5 /var/www/html/index.php(17): require('/var/www/html/w...')
#6 {main}
  thrown

