2018-07-05T15:00:59+00:00 CRITICAL Uncaught Error: Call to undefined function curl_init() in /var/www/html/wp-content/themes/dokan-child-theme/functions.php:78
Stack trace:
#0 /var/www/html/wp-content/themes/dokan-child-theme/functions.php(110): file_get_contents_tcurl('http://www.kato...')
#1 /var/www/html/wp-settings.php(424): include('/var/www/html/w...')
#2 /var/www/html/wp-config.php(90): require_once('/var/www/html/w...')
#3 /var/www/html/wp-load.php(37): require_once('/var/www/html/w...')
#4 /var/www/html/wp-admin/admin-ajax.php(22): require_once('/var/www/html/w...')
#5 {main}
  thrown

2018-07-05T15:02:59+00:00 CRITICAL Uncaught Error: Call to undefined function curl_init() in /var/www/html/wp-content/themes/dokan-child-theme/functions.php:78
Stack trace:
#0 /var/www/html/wp-content/themes/dokan-child-theme/functions.php(110): file_get_contents_tcurl('http://www.kato...')
#1 /var/www/html/wp-settings.php(424): include('/var/www/html/w...')
#2 /var/www/html/wp-config.php(90): require_once('/var/www/html/w...')
#3 /var/www/html/wp-load.php(37): require_once('/var/www/html/w...')
#4 /var/www/html/wp-admin/admin-ajax.php(22): require_once('/var/www/html/w...')
#5 {main}
  thrown

2018-07-05T15:03:08+00:00 CRITICAL Uncaught Error: Call to undefined function curl_init() in /var/www/html/wp-content/themes/dokan-child-theme/functions.php:78
Stack trace:
#0 /var/www/html/wp-content/themes/dokan-child-theme/functions.php(110): file_get_contents_tcurl('http://www.kato...')
#1 /var/www/html/wp-settings.php(424): include('/var/www/html/w...')
#2 /var/www/html/wp-config.php(90): require_once('/var/www/html/w...')
#3 /var/www/html/wp-load.php(37): require_once('/var/www/html/w...')
#4 /var/www/html/wp-blog-header.php(13): require_once('/var/www/html/w...')
#5 /var/www/html/index.php(17): require('/var/www/html/w...')
#6 {main}
  thrown

2018-07-05T15:03:19+00:00 CRITICAL Uncaught Error: Call to undefined function curl_init() in /var/www/html/wp-content/themes/dokan-child-theme/functions.php:78
Stack trace:
#0 /var/www/html/wp-content/themes/dokan-child-theme/functions.php(110): file_get_contents_tcurl('http://www.kato...')
#1 /var/www/html/wp-settings.php(424): include('/var/www/html/w...')
#2 /var/www/html/wp-config.php(90): require_once('/var/www/html/w...')
#3 /var/www/html/wp-load.php(37): require_once('/var/www/html/w...')
#4 /var/www/html/wp-blog-header.php(13): require_once('/var/www/html/w...')
#5 /var/www/html/index.php(17): require('/var/www/html/w...')
#6 {main}
  thrown

2018-07-05T15:03:37+00:00 CRITICAL Uncaught Error: Call to undefined function curl_init() in /var/www/html/wp-content/themes/dokan-child-theme/functions.php:78
Stack trace:
#0 /var/www/html/wp-content/themes/dokan-child-theme/functions.php(110): file_get_contents_tcurl('http://www.kato...')
#1 /var/www/html/wp-settings.php(424): include('/var/www/html/w...')
#2 /var/www/html/wp-config.php(90): require_once('/var/www/html/w...')
#3 /var/www/html/wp-load.php(37): require_once('/var/www/html/w...')
#4 /var/www/html/wp-blog-header.php(13): require_once('/var/www/html/w...')
#5 /var/www/html/index.php(17): require('/var/www/html/w...')
#6 {main}
  thrown

